# JRE version: Java(TM) SE Runtime Environment (8.0_201-b09) (build 1.8.0_201-b09)
# Java VM: Java HotSpot(TM) 64-Bit Server VM (25.201-b09 mixed mode windows-amd64 compressed oops)
Heap:
 PSYoungGen      total 125440K, used 121212K [0x00000000e0000000, 0x00000000ea300000, 0x0000000100000000)
  eden space 95744K, 95% used [0x00000000e0000000,0x00000000e5961360,0x00000000e5d80000)
  from space 29696K, 99% used [0x00000000e8600000,0x00000000ea2fdd60,0x00000000ea300000)
  to   space 27136K, 0% used [0x00000000e5d80000,0x00000000e5d80000,0x00000000e7800000)
 ParOldGen       total 92672K, used 72373K [0x00000000a0000000, 0x00000000a5a80000, 0x00000000e0000000)
  object space 92672K, 78% used [0x00000000a0000000,0x00000000a46ad6d8,0x00000000a5a80000)
 Metaspace       used 81849K, capacity 84714K, committed 84824K, reserved 1122304K
  class space    used 11015K, capacity 11614K, committed 11648K, reserved 1048576K
GC Heap History (10 events):
Event: 49.973 GC heap before
{Heap before GC invocations=23 (full 3):
 PSYoungGen      total 97792K, used 97764K [0x00000000e0000000, 0x00000000e7980000, 0x0000000100000000)
  eden space 85504K, 100% used [0x00000000e0000000,0x00000000e5380000,0x00000000e5380000)
  from space 12288K, 99% used [0x00000000e5380000,0x00000000e5f79098,0x00000000e5f80000)
  to   space 15872K, 0% used [0x00000000e6a00000,0x00000000e6a00000,0x00000000e7980000)
 ParOldGen       total 92672K, used 37305K [0x00000000a0000000, 0x00000000a5a80000, 0x00000000e0000000)
  object space 92672K, 40% used [0x00000000a0000000,0x00000000a246e660,0x00000000a5a80000)
 Metaspace       used 72593K, capacity 74972K, committed 75096K, reserved 1114112K
  class space    used 10026K, capacity 10577K, committed 10624K, reserved 1048576K
Event: 50.067 GC heap after
Heap after GC invocations=23 (full 3):
 PSYoungGen      total 100352K, used 15856K [0x00000000e0000000, 0x00000000e8e80000, 0x0000000100000000)
  eden space 84480K, 0% used [0x00000000e0000000,0x00000000e0000000,0x00000000e5280000)
  from space 15872K, 99% used [0x00000000e6a00000,0x00000000e797c190,0x00000000e7980000)
  to   space 24064K, 0% used [0x00000000e5280000,0x00000000e5280000,0x00000000e6a00000)
 ParOldGen       total 92672K, used 53416K [0x00000000a0000000, 0x00000000a5a80000, 0x00000000e0000000)
  object space 92672K, 57% used [0x00000000a0000000,0x00000000a342a1f8,0x00000000a5a80000)
 Metaspace       used 72593K, capacity 74972K, committed 75096K, reserved 1114112K
  class space    used 10026K, capacity 10577K, committed 10624K, reserved 1048576K
}
Event: 52.565 GC heap before
{Heap before GC invocations=24 (full 3):
 PSYoungGen      total 100352K, used 99508K [0x00000000e0000000, 0x00000000e8e80000, 0x0000000100000000)
  eden space 84480K, 99% used [0x00000000e0000000,0x00000000e51b1030,0x00000000e5280000)
  from space 15872K, 99% used [0x00000000e6a00000,0x00000000e797c190,0x00000000e7980000)
  to   space 24064K, 0% used [0x00000000e5280000,0x00000000e5280000,0x00000000e6a00000)
 ParOldGen       total 92672K, used 53416K [0x00000000a0000000, 0x00000000a5a80000, 0x00000000e0000000)
  object space 92672K, 57% used [0x00000000a0000000,0x00000000a342a1f8,0x00000000a5a80000)
 Metaspace       used 74612K, capacity 77126K, committed 77400K, reserved 1116160K
  class space    used 10279K, capacity 10828K, committed 10880K, reserved 1048576K
Event: 52.624 GC heap after
Heap after GC invocations=24 (full 3):
 PSYoungGen      total 108544K, used 19614K [0x00000000e0000000, 0x00000000e9280000, 0x0000000100000000)
  eden space 84480K, 0% used [0x00000000e0000000,0x00000000e0000000,0x00000000e5280000)
  from space 24064K, 81% used [0x00000000e5280000,0x00000000e65a7b00,0x00000000e6a00000)
  to   space 26112K, 0% used [0x00000000e7900000,0x00000000e7900000,0x00000000e9280000)
 ParOldGen       total 92672K, used 59528K [0x00000000a0000000, 0x00000000a5a80000, 0x00000000e0000000)
  object space 92672K, 64% used [0x00000000a0000000,0x00000000a3a22228,0x00000000a5a80000)
 Metaspace       used 74612K, capacity 77126K, committed 77400K, reserved 1116160K
  class space    used 10279K, capacity 10828K, committed 10880K, reserved 1048576K
}
Event: 190.501 GC heap before
{Heap before GC invocations=25 (full 3):
 PSYoungGen      total 108544K, used 104094K [0x00000000e0000000, 0x00000000e9280000, 0x0000000100000000)
  eden space 84480K, 100% used [0x00000000e0000000,0x00000000e5280000,0x00000000e5280000)
  from space 24064K, 81% used [0x00000000e5280000,0x00000000e65a7b00,0x00000000e6a00000)
  to   space 26112K, 0% used [0x00000000e7900000,0x00000000e7900000,0x00000000e9280000)
 ParOldGen       total 92672K, used 59528K [0x00000000a0000000, 0x00000000a5a80000, 0x00000000e0000000)
  object space 92672K, 64% used [0x00000000a0000000,0x00000000a3a22228,0x00000000a5a80000)
 Metaspace       used 79397K, capacity 82264K, committed 82392K, reserved 1120256K
  class space    used 10824K, capacity 11421K, committed 11520K, reserved 1048576K
Event: 190.588 GC heap after
Heap after GC invocations=25 (full 3):
 PSYoungGen      total 121856K, used 16622K [0x00000000e0000000, 0x00000000e9280000, 0x0000000100000000)
  eden space 95744K, 0% used [0x00000000e0000000,0x00000000e0000000,0x00000000e5d80000)
  from space 26112K, 63% used [0x00000000e7900000,0x00000000e893b9a8,0x00000000e9280000)
  to   space 27136K, 0% used [0x00000000e5d80000,0x00000000e5d80000,0x00000000e7800000)
 ParOldGen       total 92672K, used 59536K [0x00000000a0000000, 0x00000000a5a80000, 0x00000000e0000000)
  object space 92672K, 64% used [0x00000000a0000000,0x00000000a3a24228,0x00000000a5a80000)
 Metaspace       used 79397K, capacity 82264K, committed 82392K, reserved 1120256K
  class space    used 10824K, capacity 11421K, committed 11520K, reserved 1048576K
}
Event: 202.970 GC heap before
{Heap before GC invocations=26 (full 3):
 PSYoungGen      total 121856K, used 112366K [0x00000000e0000000, 0x00000000e9280000, 0x0000000100000000)
  eden space 95744K, 100% used [0x00000000e0000000,0x00000000e5d80000,0x00000000e5d80000)
  from space 26112K, 63% used [0x00000000e7900000,0x00000000e893b9a8,0x00000000e9280000)
  to   space 27136K, 0% used [0x00000000e5d80000,0x00000000e5d80000,0x00000000e7800000)
 ParOldGen       total 92672K, used 59536K [0x00000000a0000000, 0x00000000a5a80000, 0x00000000e0000000)
  object space 92672K, 64% used [0x00000000a0000000,0x00000000a3a24228,0x00000000a5a80000)
 Metaspace       used 81429K, capacity 84280K, committed 84568K, reserved 1122304K
  class space    used 11003K, capacity 11571K, committed 11648K, reserved 1048576K
Event: 203.059 GC heap after
Heap after GC invocations=26 (full 3):
 PSYoungGen      total 122880K, used 23274K [0x00000000e0000000, 0x00000000ea300000, 0x0000000100000000)
  eden space 95744K, 0% used [0x00000000e0000000,0x00000000e0000000,0x00000000e5d80000)
  from space 27136K, 85% used [0x00000000e5d80000,0x00000000e743a888,0x00000000e7800000)
  to   space 29696K, 0% used [0x00000000e8600000,0x00000000e8600000,0x00000000ea300000)
 ParOldGen       total 92672K, used 59544K [0x00000000a0000000, 0x00000000a5a80000, 0x00000000e0000000)
  object space 92672K, 64% used [0x00000000a0000000,0x00000000a3a26228,0x00000000a5a80000)
 Metaspace       used 81429K, capacity 84280K, committed 84568K, reserved 1122304K
  class space    used 11003K, capacity 11571K, committed 11648K, reserved 1048576K
}
Event: 205.857 GC heap before
{Heap before GC invocations=27 (full 3):
 PSYoungGen      total 122880K, used 117416K [0x00000000e0000000, 0x00000000ea300000, 0x0000000100000000)
  eden space 95744K, 98% used [0x00000000e0000000,0x00000000e5bef780,0x00000000e5d80000)
  from space 27136K, 85% used [0x00000000e5d80000,0x00000000e743a888,0x00000000e7800000)
  to   space 29696K, 0% used [0x00000000e8600000,0x00000000e8600000,0x00000000ea300000)
 ParOldGen       total 92672K, used 59544K [0x00000000a0000000, 0x00000000a5a80000, 0x00000000e0000000)
  object space 92672K, 64% used [0x00000000a0000000,0x00000000a3a26228,0x00000000a5a80000)
 Metaspace       used 81661K, capacity 84548K, committed 84824K, reserved 1122304K
  class space    used 11003K, capacity 11571K, committed 11648K, reserved 1048576K
Event: 206.004 GC heap after
Heap after GC invocations=27 (full 3):
 PSYoungGen      total 125440K, used 29687K [0x00000000e0000000, 0x00000000ea300000, 0x0000000100000000)
  eden space 95744K, 0% used [0x00000000e0000000,0x00000000e0000000,0x00000000e5d80000)
  from space 29696K, 99% used [0x00000000e8600000,0x00000000ea2fdd60,0x00000000ea300000)
  to   space 27136K, 0% used [0x00000000e5d80000,0x00000000e5d80000,0x00000000e7800000)
 ParOldGen       total 92672K, used 72373K [0x00000000a0000000, 0x00000000a5a80000, 0x00000000e0000000)
  object space 92672K, 78% used [0x00000000a0000000,0x00000000a46ad6d8,0x00000000a5a80000)
 Metaspace       used 81661K, capacity 84548K, committed 84824K, reserved 1122304K
  class space    used 11003K, capacity 11571K, committed 11648K, reserved 1048576K
}

