# JRE version: Java(TM) SE Runtime Environment (8.0_201-b09) (build 1.8.0_201-b09)
# Java VM: Java HotSpot(TM) 64-Bit Server VM (25.201-b09 mixed mode windows-amd64 compressed oops)
Heap:
 PSYoungGen      total 141824K, used 91360K [0x00000000e0000000, 0x00000000ea700000, 0x0000000100000000)
  eden space 125952K, 60% used [0x00000000e0000000,0x00000000e49eb408,0x00000000e7b00000)
  from space 15872K, 98% used [0x00000000e7f80000,0x00000000e8ecced0,0x00000000e8f00000)
  to   space 22528K, 0% used [0x00000000e9100000,0x00000000e9100000,0x00000000ea700000)
 ParOldGen       total 77824K, used 46126K [0x00000000a0000000, 0x00000000a4c00000, 0x00000000e0000000)
  object space 77824K, 59% used [0x00000000a0000000,0x00000000a2d0ba60,0x00000000a4c00000)
 Metaspace       used 81826K, capacity 84580K, committed 84824K, reserved 1122304K
  class space    used 10971K, capacity 11525K, committed 11648K, reserved 1048576K
GC Heap History (10 events):
Event: 36.099 GC heap before
{Heap before GC invocations=20 (full 3):
 PSYoungGen      total 138752K, used 126976K [0x00000000e0000000, 0x00000000e9900000, 0x0000000100000000)
  eden space 126976K, 100% used [0x00000000e0000000,0x00000000e7c00000,0x00000000e7c00000)
  from space 11776K, 0% used [0x00000000e8880000,0x00000000e8880000,0x00000000e9400000)
  to   space 12800K, 0% used [0x00000000e7c00000,0x00000000e7c00000,0x00000000e8880000)
 ParOldGen       total 77824K, used 33216K [0x00000000a0000000, 0x00000000a4c00000, 0x00000000e0000000)
  object space 77824K, 42% used [0x00000000a0000000,0x00000000a2070150,0x00000000a4c00000)
 Metaspace       used 61787K, capacity 63346K, committed 63576K, reserved 1103872K
  class space    used 8544K, capacity 8978K, committed 9088K, reserved 1048576K
Event: 36.126 GC heap after
Heap after GC invocations=20 (full 3):
 PSYoungGen      total 139776K, used 9435K [0x00000000e0000000, 0x00000000ea680000, 0x0000000100000000)
  eden space 126976K, 0% used [0x00000000e0000000,0x00000000e0000000,0x00000000e7c00000)
  from space 12800K, 73% used [0x00000000e7c00000,0x00000000e8536d80,0x00000000e8880000)
  to   space 13312K, 0% used [0x00000000e9980000,0x00000000e9980000,0x00000000ea680000)
 ParOldGen       total 77824K, used 33224K [0x00000000a0000000, 0x00000000a4c00000, 0x00000000e0000000)
  object space 77824K, 42% used [0x00000000a0000000,0x00000000a2072150,0x00000000a4c00000)
 Metaspace       used 61787K, capacity 63346K, committed 63576K, reserved 1103872K
  class space    used 8544K, capacity 8978K, committed 9088K, reserved 1048576K
}
Event: 847.401 GC heap before
{Heap before GC invocations=21 (full 3):
 PSYoungGen      total 139776K, used 136411K [0x00000000e0000000, 0x00000000ea680000, 0x0000000100000000)
  eden space 126976K, 100% used [0x00000000e0000000,0x00000000e7c00000,0x00000000e7c00000)
  from space 12800K, 73% used [0x00000000e7c00000,0x00000000e8536d80,0x00000000e8880000)
  to   space 13312K, 0% used [0x00000000e9980000,0x00000000e9980000,0x00000000ea680000)
 ParOldGen       total 77824K, used 33224K [0x00000000a0000000, 0x00000000a4c00000, 0x00000000e0000000)
  object space 77824K, 42% used [0x00000000a0000000,0x00000000a2072150,0x00000000a4c00000)
 Metaspace       used 66897K, capacity 68888K, committed 69080K, reserved 1107968K
  class space    used 9136K, capacity 9633K, committed 9728K, reserved 1048576K
Event: 847.423 GC heap after
Heap after GC invocations=21 (full 3):
 PSYoungGen      total 153088K, used 10459K [0x00000000e0000000, 0x00000000ea580000, 0x0000000100000000)
  eden space 140800K, 0% used [0x00000000e0000000,0x00000000e0000000,0x00000000e8980000)
  from space 12288K, 85% used [0x00000000e9980000,0x00000000ea3b6c20,0x00000000ea580000)
  to   space 14336K, 0% used [0x00000000e8980000,0x00000000e8980000,0x00000000e9780000)
 ParOldGen       total 77824K, used 33232K [0x00000000a0000000, 0x00000000a4c00000, 0x00000000e0000000)
  object space 77824K, 42% used [0x00000000a0000000,0x00000000a2074150,0x00000000a4c00000)
 Metaspace       used 66897K, capacity 68888K, committed 69080K, reserved 1107968K
  class space    used 9136K, capacity 9633K, committed 9728K, reserved 1048576K
}
Event: 859.965 GC heap before
{Heap before GC invocations=22 (full 3):
 PSYoungGen      total 153088K, used 151259K [0x00000000e0000000, 0x00000000ea580000, 0x0000000100000000)
  eden space 140800K, 100% used [0x00000000e0000000,0x00000000e8980000,0x00000000e8980000)
  from space 12288K, 85% used [0x00000000e9980000,0x00000000ea3b6c20,0x00000000ea580000)
  to   space 14336K, 0% used [0x00000000e8980000,0x00000000e8980000,0x00000000e9780000)
 ParOldGen       total 77824K, used 33232K [0x00000000a0000000, 0x00000000a4c00000, 0x00000000e0000000)
  object space 77824K, 42% used [0x00000000a0000000,0x00000000a2074150,0x00000000a4c00000)
 Metaspace       used 78266K, capacity 80582K, committed 80856K, reserved 1118208K
  class space    used 10627K, capacity 11144K, committed 11264K, reserved 1048576K
Event: 860.010 GC heap after
Heap after GC invocations=22 (full 3):
 PSYoungGen      total 150016K, used 14313K [0x00000000e0000000, 0x00000000eaa80000, 0x0000000100000000)
  eden space 135680K, 0% used [0x00000000e0000000,0x00000000e0000000,0x00000000e8480000)
  from space 14336K, 99% used [0x00000000e8980000,0x00000000e977a508,0x00000000e9780000)
  to   space 19456K, 0% used [0x00000000e9780000,0x00000000e9780000,0x00000000eaa80000)
 ParOldGen       total 77824K, used 41746K [0x00000000a0000000, 0x00000000a4c00000, 0x00000000e0000000)
  object space 77824K, 53% used [0x00000000a0000000,0x00000000a28c4860,0x00000000a4c00000)
 Metaspace       used 78266K, capacity 80582K, committed 80856K, reserved 1118208K
  class space    used 10627K, capacity 11144K, committed 11264K, reserved 1048576K
}
Event: 864.580 GC heap before
{Heap before GC invocations=23 (full 3):
 PSYoungGen      total 150016K, used 148378K [0x00000000e0000000, 0x00000000eaa80000, 0x0000000100000000)
  eden space 135680K, 98% used [0x00000000e0000000,0x00000000e82ec418,0x00000000e8480000)
  from space 14336K, 99% used [0x00000000e8980000,0x00000000e977a508,0x00000000e9780000)
  to   space 19456K, 0% used [0x00000000e9780000,0x00000000e9780000,0x00000000eaa80000)
 ParOldGen       total 77824K, used 41746K [0x00000000a0000000, 0x00000000a4c00000, 0x00000000e0000000)
  object space 77824K, 53% used [0x00000000a0000000,0x00000000a28c4860,0x00000000a4c00000)
 Metaspace       used 80860K, capacity 83478K, committed 83672K, reserved 1122304K
  class space    used 10959K, capacity 11506K, committed 11520K, reserved 1048576K
Event: 864.609 GC heap after
Heap after GC invocations=23 (full 3):
 PSYoungGen      total 148992K, used 16661K [0x00000000e0000000, 0x00000000ea980000, 0x0000000100000000)
  eden space 130560K, 0% used [0x00000000e0000000,0x00000000e0000000,0x00000000e7f80000)
  from space 18432K, 90% used [0x00000000e9780000,0x00000000ea7c5740,0x00000000ea980000)
  to   space 21504K, 0% used [0x00000000e7f80000,0x00000000e7f80000,0x00000000e9480000)
 ParOldGen       total 77824K, used 46118K [0x00000000a0000000, 0x00000000a4c00000, 0x00000000e0000000)
  object space 77824K, 59% used [0x00000000a0000000,0x00000000a2d09a60,0x00000000a4c00000)
 Metaspace       used 80860K, capacity 83478K, committed 83672K, reserved 1122304K
  class space    used 10959K, capacity 11506K, committed 11520K, reserved 1048576K
}
Event: 1771.788 GC heap before
{Heap before GC invocations=24 (full 3):
 PSYoungGen      total 148992K, used 147221K [0x00000000e0000000, 0x00000000ea980000, 0x0000000100000000)
  eden space 130560K, 100% used [0x00000000e0000000,0x00000000e7f80000,0x00000000e7f80000)
  from space 18432K, 90% used [0x00000000e9780000,0x00000000ea7c5740,0x00000000ea980000)
  to   space 21504K, 0% used [0x00000000e7f80000,0x00000000e7f80000,0x00000000e9480000)
 ParOldGen       total 77824K, used 46118K [0x00000000a0000000, 0x00000000a4c00000, 0x00000000e0000000)
  object space 77824K, 59% used [0x00000000a0000000,0x00000000a2d09a60,0x00000000a4c00000)
 Metaspace       used 81751K, capacity 84512K, committed 84824K, reserved 1122304K
  class space    used 10971K, capacity 11525K, committed 11648K, reserved 1048576K
Event: 1771.818 GC heap after
Heap after GC invocations=24 (full 3):
 PSYoungGen      total 141824K, used 15667K [0x00000000e0000000, 0x00000000ea700000, 0x0000000100000000)
  eden space 125952K, 0% used [0x00000000e0000000,0x00000000e0000000,0x00000000e7b00000)
  from space 15872K, 98% used [0x00000000e7f80000,0x00000000e8ecced0,0x00000000e8f00000)
  to   space 22528K, 0% used [0x00000000e9100000,0x00000000e9100000,0x00000000ea700000)
 ParOldGen       total 77824K, used 46126K [0x00000000a0000000, 0x00000000a4c00000, 0x00000000e0000000)
  object space 77824K, 59% used [0x00000000a0000000,0x00000000a2d0ba60,0x00000000a4c00000)
 Metaspace       used 81751K, capacity 84512K, committed 84824K, reserved 1122304K
  class space    used 10971K, capacity 11525K, committed 11648K, reserved 1048576K
}

