# JRE version: Java(TM) SE Runtime Environment (8.0_201-b09) (build 1.8.0_201-b09)
# Java VM: Java HotSpot(TM) 64-Bit Server VM (25.201-b09 mixed mode windows-amd64 compressed oops)
Heap:
 PSYoungGen      total 176128K, used 52414K [0x00000000e0000000, 0x00000000ec680000, 0x0000000100000000)
  eden space 154112K, 34% used [0x00000000e0000000,0x00000000e332f908,0x00000000e9680000)
  from space 22016K, 0% used [0x00000000eb100000,0x00000000eb100000,0x00000000ec680000)
  to   space 24576K, 0% used [0x00000000e9680000,0x00000000e9680000,0x00000000eae80000)
 ParOldGen       total 116736K, used 41432K [0x00000000a0000000, 0x00000000a7200000, 0x00000000e0000000)
  object space 116736K, 35% used [0x00000000a0000000,0x00000000a28763e8,0x00000000a7200000)
 Metaspace       used 79328K, capacity 81904K, committed 82008K, reserved 1120256K
  class space    used 10774K, capacity 11325K, committed 11392K, reserved 1048576K
GC Heap History (10 events):
Event: 29.182 GC heap before
{Heap before GC invocations=20 (full 3):
 PSYoungGen      total 123904K, used 512K [0x00000000e0000000, 0x00000000ea000000, 0x0000000100000000)
  eden space 109568K, 0% used [0x00000000e0000000,0x00000000e0000000,0x00000000e6b00000)
  from space 14336K, 3% used [0x00000000e6b00000,0x00000000e6b80000,0x00000000e7900000)
  to   space 14336K, 0% used [0x00000000e9200000,0x00000000e9200000,0x00000000ea000000)
 ParOldGen       total 54272K, used 38265K [0x00000000a0000000, 0x00000000a3500000, 0x00000000e0000000)
  object space 54272K, 70% used [0x00000000a0000000,0x00000000a255e7d8,0x00000000a3500000)
 Metaspace       used 57608K, capacity 59010K, committed 59096K, reserved 1099776K
  class space    used 8049K, capacity 8434K, committed 8448K, reserved 1048576K
Event: 29.515 GC heap after
Heap after GC invocations=20 (full 3):
 PSYoungGen      total 123904K, used 0K [0x00000000e0000000, 0x00000000ea000000, 0x0000000100000000)
  eden space 109568K, 0% used [0x00000000e0000000,0x00000000e0000000,0x00000000e6b00000)
  from space 14336K, 0% used [0x00000000e6b00000,0x00000000e6b00000,0x00000000e7900000)
  to   space 14336K, 0% used [0x00000000e9200000,0x00000000e9200000,0x00000000ea000000)
 ParOldGen       total 80384K, used 28631K [0x00000000a0000000, 0x00000000a4e80000, 0x00000000e0000000)
  object space 80384K, 35% used [0x00000000a0000000,0x00000000a1bf5d80,0x00000000a4e80000)
 Metaspace       used 57608K, capacity 59010K, committed 59096K, reserved 1099776K
  class space    used 8049K, capacity 8434K, committed 8448K, reserved 1048576K
}
Event: 36.413 GC heap before
{Heap before GC invocations=21 (full 3):
 PSYoungGen      total 123904K, used 109568K [0x00000000e0000000, 0x00000000ea000000, 0x0000000100000000)
  eden space 109568K, 100% used [0x00000000e0000000,0x00000000e6b00000,0x00000000e6b00000)
  from space 14336K, 0% used [0x00000000e6b00000,0x00000000e6b00000,0x00000000e7900000)
  to   space 14336K, 0% used [0x00000000e9200000,0x00000000e9200000,0x00000000ea000000)
 ParOldGen       total 80384K, used 28631K [0x00000000a0000000, 0x00000000a4e80000, 0x00000000e0000000)
  object space 80384K, 35% used [0x00000000a0000000,0x00000000a1bf5d80,0x00000000a4e80000)
 Metaspace       used 63776K, capacity 65274K, committed 65496K, reserved 1105920K
  class space    used 8807K, capacity 9192K, committed 9216K, reserved 1048576K
Event: 36.437 GC heap after
Heap after GC invocations=21 (full 3):
 PSYoungGen      total 141312K, used 10285K [0x00000000e0000000, 0x00000000e9d00000, 0x0000000100000000)
  eden space 130048K, 0% used [0x00000000e0000000,0x00000000e0000000,0x00000000e7f00000)
  from space 11264K, 91% used [0x00000000e9200000,0x00000000e9c0b5c0,0x00000000e9d00000)
  to   space 15360K, 0% used [0x00000000e7f00000,0x00000000e7f00000,0x00000000e8e00000)
 ParOldGen       total 80384K, used 28639K [0x00000000a0000000, 0x00000000a4e80000, 0x00000000e0000000)
  object space 80384K, 35% used [0x00000000a0000000,0x00000000a1bf7d80,0x00000000a4e80000)
 Metaspace       used 63776K, capacity 65274K, committed 65496K, reserved 1105920K
  class space    used 8807K, capacity 9192K, committed 9216K, reserved 1048576K
}
Event: 42.155 GC heap before
{Heap before GC invocations=22 (full 3):
 PSYoungGen      total 141312K, used 140333K [0x00000000e0000000, 0x00000000e9d00000, 0x0000000100000000)
  eden space 130048K, 100% used [0x00000000e0000000,0x00000000e7f00000,0x00000000e7f00000)
  from space 11264K, 91% used [0x00000000e9200000,0x00000000e9c0b5c0,0x00000000e9d00000)
  to   space 15360K, 0% used [0x00000000e7f00000,0x00000000e7f00000,0x00000000e8e00000)
 ParOldGen       total 80384K, used 28639K [0x00000000a0000000, 0x00000000a4e80000, 0x00000000e0000000)
  object space 80384K, 35% used [0x00000000a0000000,0x00000000a1bf7d80,0x00000000a4e80000)
 Metaspace       used 72467K, capacity 74714K, committed 74840K, reserved 1114112K
  class space    used 9992K, capacity 10506K, committed 10624K, reserved 1048576K
Event: 42.280 GC heap after
Heap after GC invocations=22 (full 3):
 PSYoungGen      total 145408K, used 15336K [0x00000000e0000000, 0x00000000eca80000, 0x0000000100000000)
  eden space 130048K, 0% used [0x00000000e0000000,0x00000000e0000000,0x00000000e7f00000)
  from space 15360K, 99% used [0x00000000e7f00000,0x00000000e8dfa1f0,0x00000000e8e00000)
  to   space 26112K, 0% used [0x00000000eb100000,0x00000000eb100000,0x00000000eca80000)
 ParOldGen       total 80384K, used 50813K [0x00000000a0000000, 0x00000000a4e80000, 0x00000000e0000000)
  object space 80384K, 63% used [0x00000000a0000000,0x00000000a319f7e0,0x00000000a4e80000)
 Metaspace       used 72467K, capacity 74714K, committed 74840K, reserved 1114112K
  class space    used 9992K, capacity 10506K, committed 10624K, reserved 1048576K
}
Event: 46.170 GC heap before
{Heap before GC invocations=23 (full 3):
 PSYoungGen      total 145408K, used 145384K [0x00000000e0000000, 0x00000000eca80000, 0x0000000100000000)
  eden space 130048K, 100% used [0x00000000e0000000,0x00000000e7f00000,0x00000000e7f00000)
  from space 15360K, 99% used [0x00000000e7f00000,0x00000000e8dfa1f0,0x00000000e8e00000)
  to   space 26112K, 0% used [0x00000000eb100000,0x00000000eb100000,0x00000000eca80000)
 ParOldGen       total 80384K, used 50813K [0x00000000a0000000, 0x00000000a4e80000, 0x00000000e0000000)
  object space 80384K, 63% used [0x00000000a0000000,0x00000000a319f7e0,0x00000000a4e80000)
 Metaspace       used 76331K, capacity 78696K, committed 78936K, reserved 1118208K
  class space    used 10582K, capacity 11095K, committed 11136K, reserved 1048576K
Event: 46.217 GC heap after
Heap after GC invocations=23 (full 3):
 PSYoungGen      total 176128K, used 7097K [0x00000000e0000000, 0x00000000ec680000, 0x0000000100000000)
  eden space 154112K, 0% used [0x00000000e0000000,0x00000000e0000000,0x00000000e9680000)
  from space 22016K, 32% used [0x00000000eb100000,0x00000000eb7ee430,0x00000000ec680000)
  to   space 24576K, 0% used [0x00000000e9680000,0x00000000e9680000,0x00000000eae80000)
 ParOldGen       total 80384K, used 65832K [0x00000000a0000000, 0x00000000a4e80000, 0x00000000e0000000)
  object space 80384K, 81% used [0x00000000a0000000,0x00000000a404a2b0,0x00000000a4e80000)
 Metaspace       used 76331K, capacity 78696K, committed 78936K, reserved 1118208K
  class space    used 10582K, capacity 11095K, committed 11136K, reserved 1048576K
}
Event: 46.217 GC heap before
{Heap before GC invocations=24 (full 4):
 PSYoungGen      total 176128K, used 7097K [0x00000000e0000000, 0x00000000ec680000, 0x0000000100000000)
  eden space 154112K, 0% used [0x00000000e0000000,0x00000000e0000000,0x00000000e9680000)
  from space 22016K, 32% used [0x00000000eb100000,0x00000000eb7ee430,0x00000000ec680000)
  to   space 24576K, 0% used [0x00000000e9680000,0x00000000e9680000,0x00000000eae80000)
 ParOldGen       total 80384K, used 65832K [0x00000000a0000000, 0x00000000a4e80000, 0x00000000e0000000)
  object space 80384K, 81% used [0x00000000a0000000,0x00000000a404a2b0,0x00000000a4e80000)
 Metaspace       used 76331K, capacity 78696K, committed 78936K, reserved 1118208K
  class space    used 10582K, capacity 11095K, committed 11136K, reserved 1048576K
Event: 46.372 GC heap after
Heap after GC invocations=24 (full 4):
 PSYoungGen      total 176128K, used 0K [0x00000000e0000000, 0x00000000ec680000, 0x0000000100000000)
  eden space 154112K, 0% used [0x00000000e0000000,0x00000000e0000000,0x00000000e9680000)
  from space 22016K, 0% used [0x00000000eb100000,0x00000000eb100000,0x00000000ec680000)
  to   space 24576K, 0% used [0x00000000e9680000,0x00000000e9680000,0x00000000eae80000)
 ParOldGen       total 116736K, used 41432K [0x00000000a0000000, 0x00000000a7200000, 0x00000000e0000000)
  object space 116736K, 35% used [0x00000000a0000000,0x00000000a28763e8,0x00000000a7200000)
 Metaspace       used 76291K, capacity 78590K, committed 78936K, reserved 1118208K
  class space    used 10568K, capacity 11070K, committed 11136K, reserved 1048576K
}

