# JRE version: Java(TM) SE Runtime Environment (8.0_201-b09) (build 1.8.0_201-b09)
# Java VM: Java HotSpot(TM) 64-Bit Server VM (25.201-b09 mixed mode windows-amd64 compressed oops)
Heap:
 PSYoungGen      total 150016K, used 81010K [0x00000000e0000000, 0x00000000ec200000, 0x0000000100000000)
  eden space 112640K, 71% used [0x00000000e0000000,0x00000000e4f1c890,0x00000000e6e00000)
  from space 37376K, 0% used [0x00000000e6e00000,0x00000000e6e00000,0x00000000e9280000)
  to   space 35840K, 0% used [0x00000000e9f00000,0x00000000e9f00000,0x00000000ec200000)
 ParOldGen       total 83456K, used 49827K [0x00000000a0000000, 0x00000000a5180000, 0x00000000e0000000)
  object space 83456K, 59% used [0x00000000a0000000,0x00000000a30a8e60,0x00000000a5180000)
 Metaspace       used 82436K, capacity 85094K, committed 85592K, reserved 1124352K
  class space    used 10946K, capacity 11520K, committed 11648K, reserved 1048576K
GC Heap History (10 events):
Event: 57.337 GC heap before
{Heap before GC invocations=27 (full 3):
 PSYoungGen      total 120320K, used 109437K [0x00000000e0000000, 0x00000000e9f00000, 0x0000000100000000)
  eden space 94208K, 100% used [0x00000000e0000000,0x00000000e5c00000,0x00000000e5c00000)
  from space 26112K, 58% used [0x00000000e5c00000,0x00000000e6adf588,0x00000000e7580000)
  to   space 26624K, 0% used [0x00000000e8500000,0x00000000e8500000,0x00000000e9f00000)
 ParOldGen       total 83456K, used 62888K [0x00000000a0000000, 0x00000000a5180000, 0x00000000e0000000)
  object space 83456K, 75% used [0x00000000a0000000,0x00000000a3d6a1e0,0x00000000a5180000)
 Metaspace       used 78686K, capacity 81366K, committed 81624K, reserved 1120256K
  class space    used 10814K, capacity 11412K, committed 11520K, reserved 1048576K
Event: 57.371 GC heap after
Heap after GC invocations=27 (full 3):
 PSYoungGen      total 135168K, used 18700K [0x00000000e0000000, 0x00000000ea100000, 0x0000000100000000)
  eden space 108544K, 0% used [0x00000000e0000000,0x00000000e0000000,0x00000000e6a00000)
  from space 26624K, 70% used [0x00000000e8500000,0x00000000e97431c8,0x00000000e9f00000)
  to   space 27648K, 0% used [0x00000000e6a00000,0x00000000e6a00000,0x00000000e8500000)
 ParOldGen       total 83456K, used 62896K [0x00000000a0000000, 0x00000000a5180000, 0x00000000e0000000)
  object space 83456K, 75% used [0x00000000a0000000,0x00000000a3d6c1e0,0x00000000a5180000)
 Metaspace       used 78686K, capacity 81366K, committed 81624K, reserved 1120256K
  class space    used 10814K, capacity 11412K, committed 11520K, reserved 1048576K
}
Event: 1040.870 GC heap before
{Heap before GC invocations=28 (full 3):
 PSYoungGen      total 135168K, used 127244K [0x00000000e0000000, 0x00000000ea100000, 0x0000000100000000)
  eden space 108544K, 100% used [0x00000000e0000000,0x00000000e6a00000,0x00000000e6a00000)
  from space 26624K, 70% used [0x00000000e8500000,0x00000000e97431c8,0x00000000e9f00000)
  to   space 27648K, 0% used [0x00000000e6a00000,0x00000000e6a00000,0x00000000e8500000)
 ParOldGen       total 83456K, used 62896K [0x00000000a0000000, 0x00000000a5180000, 0x00000000e0000000)
  object space 83456K, 75% used [0x00000000a0000000,0x00000000a3d6c1e0,0x00000000a5180000)
 Metaspace       used 81564K, capacity 84406K, committed 84568K, reserved 1122304K
  class space    used 10972K, capacity 11566K, committed 11648K, reserved 1048576K
Event: 1040.937 GC heap after
Heap after GC invocations=28 (full 3):
 PSYoungGen      total 136192K, used 21563K [0x00000000e0000000, 0x00000000eb000000, 0x0000000100000000)
  eden space 108544K, 0% used [0x00000000e0000000,0x00000000e0000000,0x00000000e6a00000)
  from space 27648K, 77% used [0x00000000e6a00000,0x00000000e7f0ef38,0x00000000e8500000)
  to   space 30208K, 0% used [0x00000000e9280000,0x00000000e9280000,0x00000000eb000000)
 ParOldGen       total 83456K, used 62904K [0x00000000a0000000, 0x00000000a5180000, 0x00000000e0000000)
  object space 83456K, 75% used [0x00000000a0000000,0x00000000a3d6e1e0,0x00000000a5180000)
 Metaspace       used 81564K, capacity 84406K, committed 84568K, reserved 1122304K
  class space    used 10972K, capacity 11566K, committed 11648K, reserved 1048576K
}
Event: 1046.649 GC heap before
{Heap before GC invocations=29 (full 3):
 PSYoungGen      total 136192K, used 130107K [0x00000000e0000000, 0x00000000eb000000, 0x0000000100000000)
  eden space 108544K, 100% used [0x00000000e0000000,0x00000000e6a00000,0x00000000e6a00000)
  from space 27648K, 77% used [0x00000000e6a00000,0x00000000e7f0ef38,0x00000000e8500000)
  to   space 30208K, 0% used [0x00000000e9280000,0x00000000e9280000,0x00000000eb000000)
 ParOldGen       total 83456K, used 62904K [0x00000000a0000000, 0x00000000a5180000, 0x00000000e0000000)
  object space 83456K, 75% used [0x00000000a0000000,0x00000000a3d6e1e0,0x00000000a5180000)
 Metaspace       used 82053K, capacity 84878K, committed 85080K, reserved 1122304K
  class space    used 10973K, capacity 11566K, committed 11648K, reserved 1048576K
Event: 1046.719 GC heap after
Heap after GC invocations=29 (full 3):
 PSYoungGen      total 142848K, used 30184K [0x00000000e0000000, 0x00000000ebe80000, 0x0000000100000000)
  eden space 112640K, 0% used [0x00000000e0000000,0x00000000e0000000,0x00000000e6e00000)
  from space 30208K, 99% used [0x00000000e9280000,0x00000000eaffa140,0x00000000eb000000)
  to   space 37376K, 0% used [0x00000000e6e00000,0x00000000e6e00000,0x00000000e9280000)
 ParOldGen       total 83456K, used 69485K [0x00000000a0000000, 0x00000000a5180000, 0x00000000e0000000)
  object space 83456K, 83% used [0x00000000a0000000,0x00000000a43db6a0,0x00000000a5180000)
 Metaspace       used 82053K, capacity 84878K, committed 85080K, reserved 1122304K
  class space    used 10973K, capacity 11566K, committed 11648K, reserved 1048576K
}
Event: 1048.384 GC heap before
{Heap before GC invocations=30 (full 3):
 PSYoungGen      total 142848K, used 142794K [0x00000000e0000000, 0x00000000ebe80000, 0x0000000100000000)
  eden space 112640K, 99% used [0x00000000e0000000,0x00000000e6df8a30,0x00000000e6e00000)
  from space 30208K, 99% used [0x00000000e9280000,0x00000000eaffa140,0x00000000eb000000)
  to   space 37376K, 0% used [0x00000000e6e00000,0x00000000e6e00000,0x00000000e9280000)
 ParOldGen       total 83456K, used 69485K [0x00000000a0000000, 0x00000000a5180000, 0x00000000e0000000)
  object space 83456K, 83% used [0x00000000a0000000,0x00000000a43db6a0,0x00000000a5180000)
 Metaspace       used 82135K, capacity 84954K, committed 85080K, reserved 1122304K
  class space    used 10974K, capacity 11568K, committed 11648K, reserved 1048576K
Event: 1048.432 GC heap after
Heap after GC invocations=30 (full 3):
 PSYoungGen      total 150016K, used 17553K [0x00000000e0000000, 0x00000000ec200000, 0x0000000100000000)
  eden space 112640K, 0% used [0x00000000e0000000,0x00000000e0000000,0x00000000e6e00000)
  from space 37376K, 46% used [0x00000000e6e00000,0x00000000e7f24460,0x00000000e9280000)
  to   space 35840K, 0% used [0x00000000e9f00000,0x00000000e9f00000,0x00000000ec200000)
 ParOldGen       total 83456K, used 81898K [0x00000000a0000000, 0x00000000a5180000, 0x00000000e0000000)
  object space 83456K, 98% used [0x00000000a0000000,0x00000000a4ffaaf0,0x00000000a5180000)
 Metaspace       used 82135K, capacity 84954K, committed 85080K, reserved 1122304K
  class space    used 10974K, capacity 11568K, committed 11648K, reserved 1048576K
}
Event: 1048.446 GC heap before
{Heap before GC invocations=31 (full 4):
 PSYoungGen      total 150016K, used 17553K [0x00000000e0000000, 0x00000000ec200000, 0x0000000100000000)
  eden space 112640K, 0% used [0x00000000e0000000,0x00000000e0000000,0x00000000e6e00000)
  from space 37376K, 46% used [0x00000000e6e00000,0x00000000e7f24460,0x00000000e9280000)
  to   space 35840K, 0% used [0x00000000e9f00000,0x00000000e9f00000,0x00000000ec200000)
 ParOldGen       total 83456K, used 81898K [0x00000000a0000000, 0x00000000a5180000, 0x00000000e0000000)
  object space 83456K, 98% used [0x00000000a0000000,0x00000000a4ffaaf0,0x00000000a5180000)
 Metaspace       used 82135K, capacity 84954K, committed 85080K, reserved 1122304K
  class space    used 10974K, capacity 11568K, committed 11648K, reserved 1048576K
Event: 1048.920 GC heap after
Heap after GC invocations=31 (full 4):
 PSYoungGen      total 150016K, used 0K [0x00000000e0000000, 0x00000000ec200000, 0x0000000100000000)
  eden space 112640K, 0% used [0x00000000e0000000,0x00000000e0000000,0x00000000e6e00000)
  from space 37376K, 0% used [0x00000000e6e00000,0x00000000e6e00000,0x00000000e9280000)
  to   space 35840K, 0% used [0x00000000e9f00000,0x00000000e9f00000,0x00000000ec200000)
 ParOldGen       total 83456K, used 49827K [0x00000000a0000000, 0x00000000a5180000, 0x00000000e0000000)
  object space 83456K, 59% used [0x00000000a0000000,0x00000000a30a8e60,0x00000000a5180000)
 Metaspace       used 82034K, capacity 84698K, committed 85080K, reserved 1122304K
  class space    used 10938K, capacity 11506K, committed 11648K, reserved 1048576K
}

