# JRE version: Java(TM) SE Runtime Environment (8.0_201-b09) (build 1.8.0_201-b09)
# Java VM: Java HotSpot(TM) 64-Bit Server VM (25.201-b09 mixed mode windows-amd64 compressed oops)
Heap:
 PSYoungGen      total 78848K, used 38811K [0x00000000e0000000, 0x00000000e5700000, 0x0000000100000000)
  eden space 72704K, 44% used [0x00000000e0000000,0x00000000e1feb280,0x00000000e4700000)
  from space 6144K, 99% used [0x00000000e4e80000,0x00000000e547bd40,0x00000000e5480000)
  to   space 7680K, 0% used [0x00000000e4700000,0x00000000e4700000,0x00000000e4e80000)
 ParOldGen       total 34304K, used 19018K [0x00000000a0000000, 0x00000000a2180000, 0x00000000e0000000)
  object space 34304K, 55% used [0x00000000a0000000,0x00000000a12929e8,0x00000000a2180000)
 Metaspace       used 42356K, capacity 43050K, committed 43264K, reserved 1087488K
  class space    used 5881K, capacity 6112K, committed 6144K, reserved 1048576K
GC Heap History (10 events):
Event: 15.756 GC heap before
{Heap before GC invocations=12 (full 1):
 PSYoungGen      total 48128K, used 47985K [0x00000000e0000000, 0x00000000e3d80000, 0x0000000100000000)
  eden space 44032K, 100% used [0x00000000e0000000,0x00000000e2b00000,0x00000000e2b00000)
  from space 4096K, 96% used [0x00000000e3980000,0x00000000e3d5c490,0x00000000e3d80000)
  to   space 6144K, 0% used [0x00000000e3180000,0x00000000e3180000,0x00000000e3780000)
 ParOldGen       total 34304K, used 9055K [0x00000000a0000000, 0x00000000a2180000, 0x00000000e0000000)
  object space 34304K, 26% used [0x00000000a0000000,0x00000000a08d7c20,0x00000000a2180000)
 Metaspace       used 27979K, capacity 28458K, committed 28544K, reserved 1073152K
  class space    used 3944K, capacity 4162K, committed 4224K, reserved 1048576K
Event: 15.766 GC heap after
Heap after GC invocations=12 (full 1):
 PSYoungGen      total 56832K, used 4138K [0x00000000e0000000, 0x00000000e4400000, 0x0000000100000000)
  eden space 50688K, 0% used [0x00000000e0000000,0x00000000e0000000,0x00000000e3180000)
  from space 6144K, 67% used [0x00000000e3180000,0x00000000e358a810,0x00000000e3780000)
  to   space 5632K, 0% used [0x00000000e3e80000,0x00000000e3e80000,0x00000000e4400000)
 ParOldGen       total 34304K, used 10903K [0x00000000a0000000, 0x00000000a2180000, 0x00000000e0000000)
  object space 34304K, 31% used [0x00000000a0000000,0x00000000a0aa5c70,0x00000000a2180000)
 Metaspace       used 27979K, capacity 28458K, committed 28544K, reserved 1073152K
  class space    used 3944K, capacity 4162K, committed 4224K, reserved 1048576K
}
Event: 19.253 GC heap before
{Heap before GC invocations=13 (full 1):
 PSYoungGen      total 56832K, used 54826K [0x00000000e0000000, 0x00000000e4400000, 0x0000000100000000)
  eden space 50688K, 100% used [0x00000000e0000000,0x00000000e3180000,0x00000000e3180000)
  from space 6144K, 67% used [0x00000000e3180000,0x00000000e358a810,0x00000000e3780000)
  to   space 5632K, 0% used [0x00000000e3e80000,0x00000000e3e80000,0x00000000e4400000)
 ParOldGen       total 34304K, used 10903K [0x00000000a0000000, 0x00000000a2180000, 0x00000000e0000000)
  object space 34304K, 31% used [0x00000000a0000000,0x00000000a0aa5c70,0x00000000a2180000)
 Metaspace       used 30729K, capacity 31152K, committed 31488K, reserved 1077248K
  class space    used 4377K, capacity 4547K, committed 4608K, reserved 1048576K
Event: 19.263 GC heap after
Heap after GC invocations=13 (full 1):
 PSYoungGen      total 64000K, used 4065K [0x00000000e0000000, 0x00000000e4b80000, 0x0000000100000000)
  eden space 58368K, 0% used [0x00000000e0000000,0x00000000e0000000,0x00000000e3900000)
  from space 5632K, 72% used [0x00000000e3e80000,0x00000000e4278490,0x00000000e4400000)
  to   space 5632K, 0% used [0x00000000e3900000,0x00000000e3900000,0x00000000e3e80000)
 ParOldGen       total 34304K, used 12587K [0x00000000a0000000, 0x00000000a2180000, 0x00000000e0000000)
  object space 34304K, 36% used [0x00000000a0000000,0x00000000a0c4adc0,0x00000000a2180000)
 Metaspace       used 30729K, capacity 31152K, committed 31488K, reserved 1077248K
  class space    used 4377K, capacity 4547K, committed 4608K, reserved 1048576K
}
Event: 24.813 GC heap before
{Heap before GC invocations=14 (full 1):
 PSYoungGen      total 64000K, used 37986K [0x00000000e0000000, 0x00000000e4b80000, 0x0000000100000000)
  eden space 58368K, 58% used [0x00000000e0000000,0x00000000e21206e8,0x00000000e3900000)
  from space 5632K, 72% used [0x00000000e3e80000,0x00000000e4278490,0x00000000e4400000)
  to   space 5632K, 0% used [0x00000000e3900000,0x00000000e3900000,0x00000000e3e80000)
 ParOldGen       total 34304K, used 12587K [0x00000000a0000000, 0x00000000a2180000, 0x00000000e0000000)
  object space 34304K, 36% used [0x00000000a0000000,0x00000000a0c4adc0,0x00000000a2180000)
 Metaspace       used 34792K, capacity 35314K, committed 35456K, reserved 1079296K
  class space    used 4973K, capacity 5189K, committed 5248K, reserved 1048576K
Event: 24.822 GC heap after
Heap after GC invocations=14 (full 1):
 PSYoungGen      total 64000K, used 4923K [0x00000000e0000000, 0x00000000e5480000, 0x0000000100000000)
  eden space 58368K, 0% used [0x00000000e0000000,0x00000000e0000000,0x00000000e3900000)
  from space 5632K, 87% used [0x00000000e3900000,0x00000000e3dcee98,0x00000000e3e80000)
  to   space 6144K, 0% used [0x00000000e4e80000,0x00000000e4e80000,0x00000000e5480000)
 ParOldGen       total 34304K, used 13831K [0x00000000a0000000, 0x00000000a2180000, 0x00000000e0000000)
  object space 34304K, 40% used [0x00000000a0000000,0x00000000a0d81cd0,0x00000000a2180000)
 Metaspace       used 34792K, capacity 35314K, committed 35456K, reserved 1079296K
  class space    used 4973K, capacity 5189K, committed 5248K, reserved 1048576K
}
Event: 24.822 GC heap before
{Heap before GC invocations=15 (full 2):
 PSYoungGen      total 64000K, used 4923K [0x00000000e0000000, 0x00000000e5480000, 0x0000000100000000)
  eden space 58368K, 0% used [0x00000000e0000000,0x00000000e0000000,0x00000000e3900000)
  from space 5632K, 87% used [0x00000000e3900000,0x00000000e3dcee98,0x00000000e3e80000)
  to   space 6144K, 0% used [0x00000000e4e80000,0x00000000e4e80000,0x00000000e5480000)
 ParOldGen       total 34304K, used 13831K [0x00000000a0000000, 0x00000000a2180000, 0x00000000e0000000)
  object space 34304K, 40% used [0x00000000a0000000,0x00000000a0d81cd0,0x00000000a2180000)
 Metaspace       used 34792K, capacity 35314K, committed 35456K, reserved 1079296K
  class space    used 4973K, capacity 5189K, committed 5248K, reserved 1048576K
Event: 24.903 GC heap after
Heap after GC invocations=15 (full 2):
 PSYoungGen      total 64000K, used 0K [0x00000000e0000000, 0x00000000e5480000, 0x0000000100000000)
  eden space 58368K, 0% used [0x00000000e0000000,0x00000000e0000000,0x00000000e3900000)
  from space 5632K, 0% used [0x00000000e3900000,0x00000000e3900000,0x00000000e3e80000)
  to   space 6144K, 0% used [0x00000000e4e80000,0x00000000e4e80000,0x00000000e5480000)
 ParOldGen       total 34304K, used 16459K [0x00000000a0000000, 0x00000000a2180000, 0x00000000e0000000)
  object space 34304K, 47% used [0x00000000a0000000,0x00000000a1012c80,0x00000000a2180000)
 Metaspace       used 34792K, capacity 35314K, committed 35456K, reserved 1079296K
  class space    used 4973K, capacity 5189K, committed 5248K, reserved 1048576K
}
Event: 28.403 GC heap before
{Heap before GC invocations=16 (full 2):
 PSYoungGen      total 64000K, used 58368K [0x00000000e0000000, 0x00000000e5480000, 0x0000000100000000)
  eden space 58368K, 100% used [0x00000000e0000000,0x00000000e3900000,0x00000000e3900000)
  from space 5632K, 0% used [0x00000000e3900000,0x00000000e3900000,0x00000000e3e80000)
  to   space 6144K, 0% used [0x00000000e4e80000,0x00000000e4e80000,0x00000000e5480000)
 ParOldGen       total 34304K, used 16459K [0x00000000a0000000, 0x00000000a2180000, 0x00000000e0000000)
  object space 34304K, 47% used [0x00000000a0000000,0x00000000a1012c80,0x00000000a2180000)
 Metaspace       used 40887K, capacity 41466K, committed 41728K, reserved 1085440K
  class space    used 5694K, capacity 5887K, committed 5888K, reserved 1048576K
Event: 28.415 GC heap after
Heap after GC invocations=16 (full 2):
 PSYoungGen      total 78848K, used 6127K [0x00000000e0000000, 0x00000000e5700000, 0x0000000100000000)
  eden space 72704K, 0% used [0x00000000e0000000,0x00000000e0000000,0x00000000e4700000)
  from space 6144K, 99% used [0x00000000e4e80000,0x00000000e547bd40,0x00000000e5480000)
  to   space 7680K, 0% used [0x00000000e4700000,0x00000000e4700000,0x00000000e4e80000)
 ParOldGen       total 34304K, used 19018K [0x00000000a0000000, 0x00000000a2180000, 0x00000000e0000000)
  object space 34304K, 55% used [0x00000000a0000000,0x00000000a12929e8,0x00000000a2180000)
 Metaspace       used 40887K, capacity 41466K, committed 41728K, reserved 1085440K
  class space    used 5694K, capacity 5887K, committed 5888K, reserved 1048576K
}

