# JRE version: Java(TM) SE Runtime Environment (8.0_201-b09) (build 1.8.0_201-b09)
# Java VM: Java HotSpot(TM) 64-Bit Server VM (25.201-b09 mixed mode windows-amd64 compressed oops)
Heap:
 PSYoungGen      total 217600K, used 40889K [0x00000000e0000000, 0x00000000f2d80000, 0x0000000100000000)
  eden space 203264K, 13% used [0x00000000e0000000,0x00000000e19f61d0,0x00000000ec680000)
  from space 14336K, 99% used [0x00000000ec680000,0x00000000ed478588,0x00000000ed480000)
  to   space 20992K, 0% used [0x00000000f1900000,0x00000000f1900000,0x00000000f2d80000)
 ParOldGen       total 56832K, used 27339K [0x00000000a0000000, 0x00000000a3780000, 0x00000000e0000000)
  object space 56832K, 48% used [0x00000000a0000000,0x00000000a1ab2e20,0x00000000a3780000)
 Metaspace       used 55419K, capacity 56764K, committed 57088K, reserved 1097728K
  class space    used 7717K, capacity 8091K, committed 8192K, reserved 1048576K
GC Heap History (10 events):
Event: 10.153 GC heap before
{Heap before GC invocations=7 (full 1):
 PSYoungGen      total 141312K, used 2782K [0x00000000e0000000, 0x00000000e9500000, 0x0000000100000000)
  eden space 131072K, 0% used [0x00000000e0000000,0x00000000e0000000,0x00000000e8000000)
  from space 10240K, 27% used [0x00000000e8b00000,0x00000000e8db79a0,0x00000000e9500000)
  to   space 10752K, 0% used [0x00000000e8000000,0x00000000e8000000,0x00000000e8a80000)
 ParOldGen       total 44032K, used 14875K [0x00000000a0000000, 0x00000000a2b00000, 0x00000000e0000000)
  object space 44032K, 33% used [0x00000000a0000000,0x00000000a0e86e60,0x00000000a2b00000)
 Metaspace       used 20753K, capacity 21206K, committed 21296K, reserved 1067008K
  class space    used 2982K, capacity 3181K, committed 3200K, reserved 1048576K
Event: 10.253 GC heap after
Heap after GC invocations=7 (full 1):
 PSYoungGen      total 141312K, used 0K [0x00000000e0000000, 0x00000000e9500000, 0x0000000100000000)
  eden space 131072K, 0% used [0x00000000e0000000,0x00000000e0000000,0x00000000e8000000)
  from space 10240K, 0% used [0x00000000e8b00000,0x00000000e8b00000,0x00000000e9500000)
  to   space 10752K, 0% used [0x00000000e8000000,0x00000000e8000000,0x00000000e8a80000)
 ParOldGen       total 37888K, used 7235K [0x00000000a0000000, 0x00000000a2500000, 0x00000000e0000000)
  object space 37888K, 19% used [0x00000000a0000000,0x00000000a0710ee0,0x00000000a2500000)
 Metaspace       used 20753K, capacity 21206K, committed 21296K, reserved 1067008K
  class space    used 2982K, capacity 3181K, committed 3200K, reserved 1048576K
}
Event: 15.265 GC heap before
{Heap before GC invocations=8 (full 1):
 PSYoungGen      total 141312K, used 131072K [0x00000000e0000000, 0x00000000e9500000, 0x0000000100000000)
  eden space 131072K, 100% used [0x00000000e0000000,0x00000000e8000000,0x00000000e8000000)
  from space 10240K, 0% used [0x00000000e8b00000,0x00000000e8b00000,0x00000000e9500000)
  to   space 10752K, 0% used [0x00000000e8000000,0x00000000e8000000,0x00000000e8a80000)
 ParOldGen       total 37888K, used 7235K [0x00000000a0000000, 0x00000000a2500000, 0x00000000e0000000)
  object space 37888K, 19% used [0x00000000a0000000,0x00000000a0710ee0,0x00000000a2500000)
 Metaspace       used 30595K, capacity 31088K, committed 31232K, reserved 1075200K
  class space    used 4358K, capacity 4547K, committed 4608K, reserved 1048576K
Event: 15.301 GC heap after
Heap after GC invocations=8 (full 1):
 PSYoungGen      total 141824K, used 10751K [0x00000000e0000000, 0x00000000ee600000, 0x0000000100000000)
  eden space 131072K, 0% used [0x00000000e0000000,0x00000000e0000000,0x00000000e8000000)
  from space 10752K, 99% used [0x00000000e8000000,0x00000000e8a7fec0,0x00000000e8a80000)
  to   space 13312K, 0% used [0x00000000ed900000,0x00000000ed900000,0x00000000ee600000)
 ParOldGen       total 37888K, used 8237K [0x00000000a0000000, 0x00000000a2500000, 0x00000000e0000000)
  object space 37888K, 21% used [0x00000000a0000000,0x00000000a080b4e0,0x00000000a2500000)
 Metaspace       used 30595K, capacity 31088K, committed 31232K, reserved 1075200K
  class space    used 4358K, capacity 4547K, committed 4608K, reserved 1048576K
}
Event: 20.360 GC heap before
{Heap before GC invocations=9 (full 1):
 PSYoungGen      total 141824K, used 49099K [0x00000000e0000000, 0x00000000ee600000, 0x0000000100000000)
  eden space 131072K, 29% used [0x00000000e0000000,0x00000000e2573080,0x00000000e8000000)
  from space 10752K, 99% used [0x00000000e8000000,0x00000000e8a7fec0,0x00000000e8a80000)
  to   space 13312K, 0% used [0x00000000ed900000,0x00000000ed900000,0x00000000ee600000)
 ParOldGen       total 37888K, used 8237K [0x00000000a0000000, 0x00000000a2500000, 0x00000000e0000000)
  object space 37888K, 21% used [0x00000000a0000000,0x00000000a080b4e0,0x00000000a2500000)
 Metaspace       used 34743K, capacity 35282K, committed 35456K, reserved 1079296K
  class space    used 4955K, capacity 5157K, committed 5248K, reserved 1048576K
Event: 20.379 GC heap after
Heap after GC invocations=9 (full 1):
 PSYoungGen      total 211968K, used 9643K [0x00000000e0000000, 0x00000000ee280000, 0x0000000100000000)
  eden space 202240K, 0% used [0x00000000e0000000,0x00000000e0000000,0x00000000ec580000)
  from space 9728K, 99% used [0x00000000ed900000,0x00000000ee26aea8,0x00000000ee280000)
  to   space 14336K, 0% used [0x00000000ec680000,0x00000000ec680000,0x00000000ed480000)
 ParOldGen       total 37888K, used 8245K [0x00000000a0000000, 0x00000000a2500000, 0x00000000e0000000)
  object space 37888K, 21% used [0x00000000a0000000,0x00000000a080d4e0,0x00000000a2500000)
 Metaspace       used 34743K, capacity 35282K, committed 35456K, reserved 1079296K
  class space    used 4955K, capacity 5157K, committed 5248K, reserved 1048576K
}
Event: 20.379 GC heap before
{Heap before GC invocations=10 (full 2):
 PSYoungGen      total 211968K, used 9643K [0x00000000e0000000, 0x00000000ee280000, 0x0000000100000000)
  eden space 202240K, 0% used [0x00000000e0000000,0x00000000e0000000,0x00000000ec580000)
  from space 9728K, 99% used [0x00000000ed900000,0x00000000ee26aea8,0x00000000ee280000)
  to   space 14336K, 0% used [0x00000000ec680000,0x00000000ec680000,0x00000000ed480000)
 ParOldGen       total 37888K, used 8245K [0x00000000a0000000, 0x00000000a2500000, 0x00000000e0000000)
  object space 37888K, 21% used [0x00000000a0000000,0x00000000a080d4e0,0x00000000a2500000)
 Metaspace       used 34743K, capacity 35282K, committed 35456K, reserved 1079296K
  class space    used 4955K, capacity 5157K, committed 5248K, reserved 1048576K
Event: 20.465 GC heap after
Heap after GC invocations=10 (full 2):
 PSYoungGen      total 211968K, used 0K [0x00000000e0000000, 0x00000000ee280000, 0x0000000100000000)
  eden space 202240K, 0% used [0x00000000e0000000,0x00000000e0000000,0x00000000ec580000)
  from space 9728K, 0% used [0x00000000ed900000,0x00000000ed900000,0x00000000ee280000)
  to   space 14336K, 0% used [0x00000000ec680000,0x00000000ec680000,0x00000000ed480000)
 ParOldGen       total 56832K, used 16448K [0x00000000a0000000, 0x00000000a3780000, 0x00000000e0000000)
  object space 56832K, 28% used [0x00000000a0000000,0x00000000a10101e8,0x00000000a3780000)
 Metaspace       used 34743K, capacity 35282K, committed 35456K, reserved 1079296K
  class space    used 4955K, capacity 5157K, committed 5248K, reserved 1048576K
}
Event: 28.442 GC heap before
{Heap before GC invocations=11 (full 2):
 PSYoungGen      total 211968K, used 202240K [0x00000000e0000000, 0x00000000ee280000, 0x0000000100000000)
  eden space 202240K, 100% used [0x00000000e0000000,0x00000000ec580000,0x00000000ec580000)
  from space 9728K, 0% used [0x00000000ed900000,0x00000000ed900000,0x00000000ee280000)
  to   space 14336K, 0% used [0x00000000ec680000,0x00000000ec680000,0x00000000ed480000)
 ParOldGen       total 56832K, used 16448K [0x00000000a0000000, 0x00000000a3780000, 0x00000000e0000000)
  object space 56832K, 28% used [0x00000000a0000000,0x00000000a10101e8,0x00000000a3780000)
 Metaspace       used 53528K, capacity 54632K, committed 54912K, reserved 1095680K
  class space    used 7413K, capacity 7745K, committed 7808K, reserved 1048576K
Event: 28.494 GC heap after
Heap after GC invocations=11 (full 2):
 PSYoungGen      total 217600K, used 14305K [0x00000000e0000000, 0x00000000f2d80000, 0x0000000100000000)
  eden space 203264K, 0% used [0x00000000e0000000,0x00000000e0000000,0x00000000ec680000)
  from space 14336K, 99% used [0x00000000ec680000,0x00000000ed478588,0x00000000ed480000)
  to   space 20992K, 0% used [0x00000000f1900000,0x00000000f1900000,0x00000000f2d80000)
 ParOldGen       total 56832K, used 27339K [0x00000000a0000000, 0x00000000a3780000, 0x00000000e0000000)
  object space 56832K, 48% used [0x00000000a0000000,0x00000000a1ab2e20,0x00000000a3780000)
 Metaspace       used 53528K, capacity 54632K, committed 54912K, reserved 1095680K
  class space    used 7413K, capacity 7745K, committed 7808K, reserved 1048576K
}

