# JRE version: Java(TM) SE Runtime Environment (8.0_201-b09) (build 1.8.0_201-b09)
# Java VM: Java HotSpot(TM) 64-Bit Server VM (25.201-b09 mixed mode windows-amd64 compressed oops)
Heap:
 PSYoungGen      total 101888K, used 19346K [0x00000000e0000000, 0x00000000e8b80000, 0x0000000100000000)
  eden space 93184K, 11% used [0x00000000e0000000,0x00000000e0a69830,0x00000000e5b00000)
  from space 8704K, 99% used [0x00000000e5b00000,0x00000000e637b3a0,0x00000000e6380000)
  to   space 11776K, 0% used [0x00000000e8000000,0x00000000e8000000,0x00000000e8b80000)
 ParOldGen       total 52736K, used 21729K [0x00000000a0000000, 0x00000000a3380000, 0x00000000e0000000)
  object space 52736K, 41% used [0x00000000a0000000,0x00000000a15384a8,0x00000000a3380000)
 Metaspace       used 43932K, capacity 44868K, committed 45184K, reserved 1087488K
  class space    used 6122K, capacity 6444K, committed 6528K, reserved 1048576K
GC Heap History (10 events):
Event: 14.178 GC heap before
{Heap before GC invocations=13 (full 1):
 PSYoungGen      total 57856K, used 56578K [0x00000000e0000000, 0x00000000e5280000, 0x0000000100000000)
  eden space 51200K, 100% used [0x00000000e0000000,0x00000000e3200000,0x00000000e3200000)
  from space 6656K, 80% used [0x00000000e3200000,0x00000000e3740be8,0x00000000e3880000)
  to   space 6656K, 0% used [0x00000000e4c00000,0x00000000e4c00000,0x00000000e5280000)
 ParOldGen       total 31232K, used 7678K [0x00000000a0000000, 0x00000000a1e80000, 0x00000000e0000000)
  object space 31232K, 24% used [0x00000000a0000000,0x00000000a077fad0,0x00000000a1e80000)
 Metaspace       used 29311K, capacity 29940K, committed 29952K, reserved 1075200K
  class space    used 4135K, capacity 4342K, committed 4352K, reserved 1048576K
Event: 14.201 GC heap after
Heap after GC invocations=13 (full 1):
 PSYoungGen      total 75776K, used 4899K [0x00000000e0000000, 0x00000000e5180000, 0x0000000100000000)
  eden space 70144K, 0% used [0x00000000e0000000,0x00000000e0000000,0x00000000e4480000)
  from space 5632K, 86% used [0x00000000e4c00000,0x00000000e50c8de0,0x00000000e5180000)
  to   space 6656K, 0% used [0x00000000e4480000,0x00000000e4480000,0x00000000e4b00000)
 ParOldGen       total 31232K, used 10050K [0x00000000a0000000, 0x00000000a1e80000, 0x00000000e0000000)
  object space 31232K, 32% used [0x00000000a0000000,0x00000000a09d0990,0x00000000a1e80000)
 Metaspace       used 29311K, capacity 29940K, committed 29952K, reserved 1075200K
  class space    used 4135K, capacity 4342K, committed 4352K, reserved 1048576K
}
Event: 21.069 GC heap before
{Heap before GC invocations=14 (full 1):
 PSYoungGen      total 75776K, used 75043K [0x00000000e0000000, 0x00000000e5180000, 0x0000000100000000)
  eden space 70144K, 100% used [0x00000000e0000000,0x00000000e4480000,0x00000000e4480000)
  from space 5632K, 86% used [0x00000000e4c00000,0x00000000e50c8de0,0x00000000e5180000)
  to   space 6656K, 0% used [0x00000000e4480000,0x00000000e4480000,0x00000000e4b00000)
 ParOldGen       total 31232K, used 10050K [0x00000000a0000000, 0x00000000a1e80000, 0x00000000e0000000)
  object space 31232K, 32% used [0x00000000a0000000,0x00000000a09d0990,0x00000000a1e80000)
 Metaspace       used 32885K, capacity 33580K, committed 33664K, reserved 1077248K
  class space    used 4702K, capacity 4958K, committed 4992K, reserved 1048576K
Event: 21.087 GC heap after
Heap after GC invocations=14 (full 1):
 PSYoungGen      total 76800K, used 6635K [0x00000000e0000000, 0x00000000e6c80000, 0x0000000100000000)
  eden space 70144K, 0% used [0x00000000e0000000,0x00000000e0000000,0x00000000e4480000)
  from space 6656K, 99% used [0x00000000e4480000,0x00000000e4afae98,0x00000000e4b00000)
  to   space 8704K, 0% used [0x00000000e6400000,0x00000000e6400000,0x00000000e6c80000)
 ParOldGen       total 31232K, used 12757K [0x00000000a0000000, 0x00000000a1e80000, 0x00000000e0000000)
  object space 31232K, 40% used [0x00000000a0000000,0x00000000a0c75650,0x00000000a1e80000)
 Metaspace       used 32885K, capacity 33580K, committed 33664K, reserved 1077248K
  class space    used 4702K, capacity 4958K, committed 4992K, reserved 1048576K
}
Event: 21.827 GC heap before
{Heap before GC invocations=15 (full 1):
 PSYoungGen      total 76800K, used 13197K [0x00000000e0000000, 0x00000000e6c80000, 0x0000000100000000)
  eden space 70144K, 9% used [0x00000000e0000000,0x00000000e0668758,0x00000000e4480000)
  from space 6656K, 99% used [0x00000000e4480000,0x00000000e4afae98,0x00000000e4b00000)
  to   space 8704K, 0% used [0x00000000e6400000,0x00000000e6400000,0x00000000e6c80000)
 ParOldGen       total 31232K, used 12757K [0x00000000a0000000, 0x00000000a1e80000, 0x00000000e0000000)
  object space 31232K, 40% used [0x00000000a0000000,0x00000000a0c75650,0x00000000a1e80000)
 Metaspace       used 34643K, capacity 35350K, committed 35456K, reserved 1079296K
  class space    used 4951K, capacity 5229K, committed 5248K, reserved 1048576K
Event: 21.838 GC heap after
Heap after GC invocations=15 (full 1):
 PSYoungGen      total 101376K, used 1095K [0x00000000e0000000, 0x00000000e6c00000, 0x0000000100000000)
  eden space 93184K, 0% used [0x00000000e0000000,0x00000000e0000000,0x00000000e5b00000)
  from space 8192K, 13% used [0x00000000e6400000,0x00000000e6511e28,0x00000000e6c00000)
  to   space 8704K, 0% used [0x00000000e5b00000,0x00000000e5b00000,0x00000000e6380000)
 ParOldGen       total 31232K, used 16485K [0x00000000a0000000, 0x00000000a1e80000, 0x00000000e0000000)
  object space 31232K, 52% used [0x00000000a0000000,0x00000000a10196d0,0x00000000a1e80000)
 Metaspace       used 34643K, capacity 35350K, committed 35456K, reserved 1079296K
  class space    used 4951K, capacity 5229K, committed 5248K, reserved 1048576K
}
Event: 21.838 GC heap before
{Heap before GC invocations=16 (full 2):
 PSYoungGen      total 101376K, used 1095K [0x00000000e0000000, 0x00000000e6c00000, 0x0000000100000000)
  eden space 93184K, 0% used [0x00000000e0000000,0x00000000e0000000,0x00000000e5b00000)
  from space 8192K, 13% used [0x00000000e6400000,0x00000000e6511e28,0x00000000e6c00000)
  to   space 8704K, 0% used [0x00000000e5b00000,0x00000000e5b00000,0x00000000e6380000)
 ParOldGen       total 31232K, used 16485K [0x00000000a0000000, 0x00000000a1e80000, 0x00000000e0000000)
  object space 31232K, 52% used [0x00000000a0000000,0x00000000a10196d0,0x00000000a1e80000)
 Metaspace       used 34643K, capacity 35350K, committed 35456K, reserved 1079296K
  class space    used 4951K, capacity 5229K, committed 5248K, reserved 1048576K
Event: 22.055 GC heap after
Heap after GC invocations=16 (full 2):
 PSYoungGen      total 101376K, used 0K [0x00000000e0000000, 0x00000000e6c00000, 0x0000000100000000)
  eden space 93184K, 0% used [0x00000000e0000000,0x00000000e0000000,0x00000000e5b00000)
  from space 8192K, 0% used [0x00000000e6400000,0x00000000e6400000,0x00000000e6c00000)
  to   space 8704K, 0% used [0x00000000e5b00000,0x00000000e5b00000,0x00000000e6380000)
 ParOldGen       total 52736K, used 16531K [0x00000000a0000000, 0x00000000a3380000, 0x00000000e0000000)
  object space 52736K, 31% used [0x00000000a0000000,0x00000000a1024d58,0x00000000a3380000)
 Metaspace       used 34643K, capacity 35350K, committed 35456K, reserved 1079296K
  class space    used 4951K, capacity 5229K, committed 5248K, reserved 1048576K
}
Event: 26.144 GC heap before
{Heap before GC invocations=17 (full 2):
 PSYoungGen      total 101376K, used 93184K [0x00000000e0000000, 0x00000000e6c00000, 0x0000000100000000)
  eden space 93184K, 100% used [0x00000000e0000000,0x00000000e5b00000,0x00000000e5b00000)
  from space 8192K, 0% used [0x00000000e6400000,0x00000000e6400000,0x00000000e6c00000)
  to   space 8704K, 0% used [0x00000000e5b00000,0x00000000e5b00000,0x00000000e6380000)
 ParOldGen       total 52736K, used 16531K [0x00000000a0000000, 0x00000000a3380000, 0x00000000e0000000)
  object space 52736K, 31% used [0x00000000a0000000,0x00000000a1024d58,0x00000000a3380000)
 Metaspace       used 43154K, capacity 44064K, committed 44288K, reserved 1087488K
  class space    used 5994K, capacity 6308K, committed 6400K, reserved 1048576K
Event: 26.174 GC heap after
Heap after GC invocations=17 (full 2):
 PSYoungGen      total 101888K, used 8684K [0x00000000e0000000, 0x00000000e8b80000, 0x0000000100000000)
  eden space 93184K, 0% used [0x00000000e0000000,0x00000000e0000000,0x00000000e5b00000)
  from space 8704K, 99% used [0x00000000e5b00000,0x00000000e637b3a0,0x00000000e6380000)
  to   space 11776K, 0% used [0x00000000e8000000,0x00000000e8000000,0x00000000e8b80000)
 ParOldGen       total 52736K, used 21729K [0x00000000a0000000, 0x00000000a3380000, 0x00000000e0000000)
  object space 52736K, 41% used [0x00000000a0000000,0x00000000a15384a8,0x00000000a3380000)
 Metaspace       used 43154K, capacity 44064K, committed 44288K, reserved 1087488K
  class space    used 5994K, capacity 6308K, committed 6400K, reserved 1048576K
}

