# JRE version: Java(TM) SE Runtime Environment (8.0_201-b09) (build 1.8.0_201-b09)
# Java VM: Java HotSpot(TM) 64-Bit Server VM (25.201-b09 mixed mode windows-amd64 compressed oops)
Heap:
 PSYoungGen      total 67584K, used 14412K [0x00000000e0000000, 0x00000000e5700000, 0x0000000100000000)
  eden space 58880K, 9% used [0x00000000e0000000,0x00000000e05a5a48,0x00000000e3980000)
  from space 8704K, 99% used [0x00000000e3980000,0x00000000e41ed918,0x00000000e4200000)
  to   space 9728K, 0% used [0x00000000e4d80000,0x00000000e4d80000,0x00000000e5700000)
 ParOldGen       total 50176K, used 25725K [0x00000000a0000000, 0x00000000a3100000, 0x00000000e0000000)
  object space 50176K, 51% used [0x00000000a0000000,0x00000000a191f518,0x00000000a3100000)
 Metaspace       used 54144K, capacity 55276K, committed 55552K, reserved 1097728K
  class space    used 7508K, capacity 7887K, committed 7936K, reserved 1048576K
GC Heap History (10 events):
Event: 28.719 GC heap before
{Heap before GC invocations=19 (full 2):
 PSYoungGen      total 47104K, used 4963K [0x00000000e0000000, 0x00000000e3c00000, 0x0000000100000000)
  eden space 41984K, 0% used [0x00000000e0000000,0x00000000e0000000,0x00000000e2900000)
  from space 5120K, 96% used [0x00000000e2900000,0x00000000e2dd8e08,0x00000000e2e00000)
  to   space 5632K, 0% used [0x00000000e3680000,0x00000000e3680000,0x00000000e3c00000)
 ParOldGen       total 30208K, used 11832K [0x00000000a0000000, 0x00000000a1d80000, 0x00000000e0000000)
  object space 30208K, 39% used [0x00000000a0000000,0x00000000a0b8e3a8,0x00000000a1d80000)
 Metaspace       used 34802K, capacity 35314K, committed 35456K, reserved 1079296K
  class space    used 4966K, capacity 5189K, committed 5248K, reserved 1048576K
Event: 28.924 GC heap after
Heap after GC invocations=19 (full 2):
 PSYoungGen      total 47104K, used 0K [0x00000000e0000000, 0x00000000e3c00000, 0x0000000100000000)
  eden space 41984K, 0% used [0x00000000e0000000,0x00000000e0000000,0x00000000e2900000)
  from space 5120K, 0% used [0x00000000e2900000,0x00000000e2900000,0x00000000e2e00000)
  to   space 5632K, 0% used [0x00000000e3680000,0x00000000e3680000,0x00000000e3c00000)
 ParOldGen       total 50176K, used 16365K [0x00000000a0000000, 0x00000000a3100000, 0x00000000e0000000)
  object space 50176K, 32% used [0x00000000a0000000,0x00000000a0ffb4a0,0x00000000a3100000)
 Metaspace       used 34802K, capacity 35314K, committed 35456K, reserved 1079296K
  class space    used 4966K, capacity 5189K, committed 5248K, reserved 1048576K
}
Event: 31.002 GC heap before
{Heap before GC invocations=20 (full 2):
 PSYoungGen      total 47104K, used 41984K [0x00000000e0000000, 0x00000000e3c00000, 0x0000000100000000)
  eden space 41984K, 100% used [0x00000000e0000000,0x00000000e2900000,0x00000000e2900000)
  from space 5120K, 0% used [0x00000000e2900000,0x00000000e2900000,0x00000000e2e00000)
  to   space 5632K, 0% used [0x00000000e3680000,0x00000000e3680000,0x00000000e3c00000)
 ParOldGen       total 50176K, used 16365K [0x00000000a0000000, 0x00000000a3100000, 0x00000000e0000000)
  object space 50176K, 32% used [0x00000000a0000000,0x00000000a0ffb4a0,0x00000000a3100000)
 Metaspace       used 39214K, capacity 39868K, committed 40064K, reserved 1083392K
  class space    used 5496K, capacity 5722K, committed 5760K, reserved 1048576K
Event: 31.012 GC heap after
Heap after GC invocations=20 (full 2):
 PSYoungGen      total 54784K, used 5609K [0x00000000e0000000, 0x00000000e3d00000, 0x0000000100000000)
  eden space 49152K, 0% used [0x00000000e0000000,0x00000000e0000000,0x00000000e3000000)
  from space 5632K, 99% used [0x00000000e3680000,0x00000000e3bfa4e8,0x00000000e3c00000)
  to   space 6656K, 0% used [0x00000000e3000000,0x00000000e3000000,0x00000000e3680000)
 ParOldGen       total 50176K, used 17008K [0x00000000a0000000, 0x00000000a3100000, 0x00000000e0000000)
  object space 50176K, 33% used [0x00000000a0000000,0x00000000a109c1e0,0x00000000a3100000)
 Metaspace       used 39214K, capacity 39868K, committed 40064K, reserved 1083392K
  class space    used 5496K, capacity 5722K, committed 5760K, reserved 1048576K
}
Event: 32.366 GC heap before
{Heap before GC invocations=21 (full 2):
 PSYoungGen      total 54784K, used 54761K [0x00000000e0000000, 0x00000000e3d00000, 0x0000000100000000)
  eden space 49152K, 100% used [0x00000000e0000000,0x00000000e3000000,0x00000000e3000000)
  from space 5632K, 99% used [0x00000000e3680000,0x00000000e3bfa4e8,0x00000000e3c00000)
  to   space 6656K, 0% used [0x00000000e3000000,0x00000000e3000000,0x00000000e3680000)
 ParOldGen       total 50176K, used 17008K [0x00000000a0000000, 0x00000000a3100000, 0x00000000e0000000)
  object space 50176K, 33% used [0x00000000a0000000,0x00000000a109c1e0,0x00000000a3100000)
 Metaspace       used 42514K, capacity 43248K, committed 43520K, reserved 1087488K
  class space    used 5896K, capacity 6113K, committed 6144K, reserved 1048576K
Event: 32.388 GC heap after
Heap after GC invocations=21 (full 2):
 PSYoungGen      total 55808K, used 6643K [0x00000000e0000000, 0x00000000e4b80000, 0x0000000100000000)
  eden space 49152K, 0% used [0x00000000e0000000,0x00000000e0000000,0x00000000e3000000)
  from space 6656K, 99% used [0x00000000e3000000,0x00000000e367ce50,0x00000000e3680000)
  to   space 9216K, 0% used [0x00000000e4280000,0x00000000e4280000,0x00000000e4b80000)
 ParOldGen       total 50176K, used 21117K [0x00000000a0000000, 0x00000000a3100000, 0x00000000e0000000)
  object space 50176K, 42% used [0x00000000a0000000,0x00000000a149f4a8,0x00000000a3100000)
 Metaspace       used 42514K, capacity 43248K, committed 43520K, reserved 1087488K
  class space    used 5896K, capacity 6113K, committed 6144K, reserved 1048576K
}
Event: 34.495 GC heap before
{Heap before GC invocations=22 (full 2):
 PSYoungGen      total 55808K, used 55795K [0x00000000e0000000, 0x00000000e4b80000, 0x0000000100000000)
  eden space 49152K, 100% used [0x00000000e0000000,0x00000000e3000000,0x00000000e3000000)
  from space 6656K, 99% used [0x00000000e3000000,0x00000000e367ce50,0x00000000e3680000)
  to   space 9216K, 0% used [0x00000000e4280000,0x00000000e4280000,0x00000000e4b80000)
 ParOldGen       total 50176K, used 21117K [0x00000000a0000000, 0x00000000a3100000, 0x00000000e0000000)
  object space 50176K, 42% used [0x00000000a0000000,0x00000000a149f4a8,0x00000000a3100000)
 Metaspace       used 48192K, capacity 48970K, committed 49152K, reserved 1091584K
  class space    used 6670K, capacity 6910K, committed 6912K, reserved 1048576K
Event: 34.514 GC heap after
Heap after GC invocations=22 (full 2):
 PSYoungGen      total 67072K, used 4364K [0x00000000e0000000, 0x00000000e4a80000, 0x0000000100000000)
  eden space 58880K, 0% used [0x00000000e0000000,0x00000000e0000000,0x00000000e3980000)
  from space 8192K, 53% used [0x00000000e4280000,0x00000000e46c30f8,0x00000000e4a80000)
  to   space 8704K, 0% used [0x00000000e3980000,0x00000000e3980000,0x00000000e4200000)
 ParOldGen       total 50176K, used 25717K [0x00000000a0000000, 0x00000000a3100000, 0x00000000e0000000)
  object space 50176K, 51% used [0x00000000a0000000,0x00000000a191d518,0x00000000a3100000)
 Metaspace       used 48192K, capacity 48970K, committed 49152K, reserved 1091584K
  class space    used 6670K, capacity 6910K, committed 6912K, reserved 1048576K
}
Event: 37.062 GC heap before
{Heap before GC invocations=23 (full 2):
 PSYoungGen      total 67072K, used 63244K [0x00000000e0000000, 0x00000000e4a80000, 0x0000000100000000)
  eden space 58880K, 100% used [0x00000000e0000000,0x00000000e3980000,0x00000000e3980000)
  from space 8192K, 53% used [0x00000000e4280000,0x00000000e46c30f8,0x00000000e4a80000)
  to   space 8704K, 0% used [0x00000000e3980000,0x00000000e3980000,0x00000000e4200000)
 ParOldGen       total 50176K, used 25717K [0x00000000a0000000, 0x00000000a3100000, 0x00000000e0000000)
  object space 50176K, 51% used [0x00000000a0000000,0x00000000a191d518,0x00000000a3100000)
 Metaspace       used 53415K, capacity 54622K, committed 54912K, reserved 1095680K
  class space    used 7391K, capacity 7742K, committed 7808K, reserved 1048576K
Event: 37.075 GC heap after
Heap after GC invocations=23 (full 2):
 PSYoungGen      total 67584K, used 8630K [0x00000000e0000000, 0x00000000e5700000, 0x0000000100000000)
  eden space 58880K, 0% used [0x00000000e0000000,0x00000000e0000000,0x00000000e3980000)
  from space 8704K, 99% used [0x00000000e3980000,0x00000000e41ed918,0x00000000e4200000)
  to   space 9728K, 0% used [0x00000000e4d80000,0x00000000e4d80000,0x00000000e5700000)
 ParOldGen       total 50176K, used 25725K [0x00000000a0000000, 0x00000000a3100000, 0x00000000e0000000)
  object space 50176K, 51% used [0x00000000a0000000,0x00000000a191f518,0x00000000a3100000)
 Metaspace       used 53415K, capacity 54622K, committed 54912K, reserved 1095680K
  class space    used 7391K, capacity 7742K, committed 7808K, reserved 1048576K
}

