# JRE version: Java(TM) SE Runtime Environment (8.0_201-b09) (build 1.8.0_201-b09)
# Java VM: Java HotSpot(TM) 64-Bit Server VM (25.201-b09 mixed mode windows-amd64 compressed oops)
Heap:
 PSYoungGen      total 97280K, used 45867K [0x00000000e0000000, 0x00000000e7300000, 0x0000000100000000)
  eden space 80896K, 37% used [0x00000000e0000000,0x00000000e1d91850,0x00000000e4f00000)
  from space 16384K, 95% used [0x00000000e6180000,0x00000000e70b9748,0x00000000e7180000)
  to   space 18432K, 0% used [0x00000000e4f00000,0x00000000e4f00000,0x00000000e6100000)
 ParOldGen       total 88064K, used 32811K [0x00000000a0000000, 0x00000000a5600000, 0x00000000e0000000)
  object space 88064K, 37% used [0x00000000a0000000,0x00000000a200ae20,0x00000000a5600000)
 Metaspace       used 74998K, capacity 77662K, committed 77784K, reserved 1116160K
  class space    used 10043K, capacity 10663K, committed 10752K, reserved 1048576K
GC Heap History (10 events):
Event: 1437.160 GC heap before
{Heap before GC invocations=23 (full 3):
 PSYoungGen      total 105472K, used 105399K [0x00000000e0000000, 0x00000000e7580000, 0x0000000100000000)
  eden space 93696K, 100% used [0x00000000e0000000,0x00000000e5b80000,0x00000000e5b80000)
  from space 11776K, 99% used [0x00000000e5e80000,0x00000000e69edf00,0x00000000e6a00000)
  to   space 11776K, 0% used [0x00000000e6a00000,0x00000000e6a00000,0x00000000e7580000)
 ParOldGen       total 88064K, used 31344K [0x00000000a0000000, 0x00000000a5600000, 0x00000000e0000000)
  object space 88064K, 35% used [0x00000000a0000000,0x00000000a1e9c1b8,0x00000000a5600000)
 Metaspace       used 67533K, capacity 69476K, committed 69848K, reserved 1110016K
  class space    used 9147K, capacity 9629K, committed 9728K, reserved 1048576K
Event: 1437.181 GC heap after
Heap after GC invocations=23 (full 3):
 PSYoungGen      total 102912K, used 11756K [0x00000000e0000000, 0x00000000e7600000, 0x0000000100000000)
  eden space 91136K, 0% used [0x00000000e0000000,0x00000000e0000000,0x00000000e5900000)
  from space 11776K, 99% used [0x00000000e6a00000,0x00000000e757b060,0x00000000e7580000)
  to   space 14848K, 0% used [0x00000000e5900000,0x00000000e5900000,0x00000000e6780000)
 ParOldGen       total 88064K, used 32779K [0x00000000a0000000, 0x00000000a5600000, 0x00000000e0000000)
  object space 88064K, 37% used [0x00000000a0000000,0x00000000a2002e20,0x00000000a5600000)
 Metaspace       used 67533K, capacity 69476K, committed 69848K, reserved 1110016K
  class space    used 9147K, capacity 9629K, committed 9728K, reserved 1048576K
}
Event: 1673.432 GC heap before
{Heap before GC invocations=24 (full 3):
 PSYoungGen      total 102912K, used 102892K [0x00000000e0000000, 0x00000000e7600000, 0x0000000100000000)
  eden space 91136K, 100% used [0x00000000e0000000,0x00000000e5900000,0x00000000e5900000)
  from space 11776K, 99% used [0x00000000e6a00000,0x00000000e757b060,0x00000000e7580000)
  to   space 14848K, 0% used [0x00000000e5900000,0x00000000e5900000,0x00000000e6780000)
 ParOldGen       total 88064K, used 32779K [0x00000000a0000000, 0x00000000a5600000, 0x00000000e0000000)
  object space 88064K, 37% used [0x00000000a0000000,0x00000000a2002e20,0x00000000a5600000)
 Metaspace       used 68935K, capacity 71116K, committed 71384K, reserved 1110016K
  class space    used 9339K, capacity 9869K, committed 9984K, reserved 1048576K
Event: 1673.482 GC heap after
Heap after GC invocations=24 (full 3):
 PSYoungGen      total 98304K, used 9709K [0x00000000e0000000, 0x00000000e7480000, 0x0000000100000000)
  eden space 88576K, 0% used [0x00000000e0000000,0x00000000e0000000,0x00000000e5680000)
  from space 9728K, 99% used [0x00000000e5900000,0x00000000e627b750,0x00000000e6280000)
  to   space 15360K, 0% used [0x00000000e6580000,0x00000000e6580000,0x00000000e7480000)
 ParOldGen       total 88064K, used 32787K [0x00000000a0000000, 0x00000000a5600000, 0x00000000e0000000)
  object space 88064K, 37% used [0x00000000a0000000,0x00000000a2004e20,0x00000000a5600000)
 Metaspace       used 68935K, capacity 71116K, committed 71384K, reserved 1110016K
  class space    used 9339K, capacity 9869K, committed 9984K, reserved 1048576K
}
Event: 1683.087 GC heap before
{Heap before GC invocations=25 (full 3):
 PSYoungGen      total 98304K, used 98241K [0x00000000e0000000, 0x00000000e7480000, 0x0000000100000000)
  eden space 88576K, 99% used [0x00000000e0000000,0x00000000e5674cb8,0x00000000e5680000)
  from space 9728K, 99% used [0x00000000e5900000,0x00000000e627b750,0x00000000e6280000)
  to   space 15360K, 0% used [0x00000000e6580000,0x00000000e6580000,0x00000000e7480000)
 ParOldGen       total 88064K, used 32787K [0x00000000a0000000, 0x00000000a5600000, 0x00000000e0000000)
  object space 88064K, 37% used [0x00000000a0000000,0x00000000a2004e20,0x00000000a5600000)
 Metaspace       used 69218K, capacity 71446K, committed 71640K, reserved 1112064K
  class space    used 9345K, capacity 9880K, committed 9984K, reserved 1048576K
Event: 1683.104 GC heap after
Heap after GC invocations=25 (full 3):
 PSYoungGen      total 99840K, used 10812K [0x00000000e0000000, 0x00000000e7300000, 0x0000000100000000)
  eden space 86016K, 0% used [0x00000000e0000000,0x00000000e0000000,0x00000000e5400000)
  from space 13824K, 78% used [0x00000000e6580000,0x00000000e700f380,0x00000000e7300000)
  to   space 15872K, 0% used [0x00000000e5400000,0x00000000e5400000,0x00000000e6380000)
 ParOldGen       total 88064K, used 32795K [0x00000000a0000000, 0x00000000a5600000, 0x00000000e0000000)
  object space 88064K, 37% used [0x00000000a0000000,0x00000000a2006e20,0x00000000a5600000)
 Metaspace       used 69218K, capacity 71446K, committed 71640K, reserved 1112064K
  class space    used 9345K, capacity 9880K, committed 9984K, reserved 1048576K
}
Event: 1906.543 GC heap before
{Heap before GC invocations=26 (full 3):
 PSYoungGen      total 99840K, used 96828K [0x00000000e0000000, 0x00000000e7300000, 0x0000000100000000)
  eden space 86016K, 100% used [0x00000000e0000000,0x00000000e5400000,0x00000000e5400000)
  from space 13824K, 78% used [0x00000000e6580000,0x00000000e700f380,0x00000000e7300000)
  to   space 15872K, 0% used [0x00000000e5400000,0x00000000e5400000,0x00000000e6380000)
 ParOldGen       total 88064K, used 32795K [0x00000000a0000000, 0x00000000a5600000, 0x00000000e0000000)
  object space 88064K, 37% used [0x00000000a0000000,0x00000000a2006e20,0x00000000a5600000)
 Metaspace       used 72723K, capacity 75202K, committed 75352K, reserved 1114112K
  class space    used 9723K, capacity 10282K, committed 10368K, reserved 1048576K
Event: 1906.560 GC heap after
Heap after GC invocations=26 (full 3):
 PSYoungGen      total 95232K, used 11628K [0x00000000e0000000, 0x00000000e7180000, 0x0000000100000000)
  eden space 83456K, 0% used [0x00000000e0000000,0x00000000e0000000,0x00000000e5180000)
  from space 11776K, 98% used [0x00000000e5400000,0x00000000e5f5b218,0x00000000e5f80000)
  to   space 16384K, 0% used [0x00000000e6180000,0x00000000e6180000,0x00000000e7180000)
 ParOldGen       total 88064K, used 32803K [0x00000000a0000000, 0x00000000a5600000, 0x00000000e0000000)
  object space 88064K, 37% used [0x00000000a0000000,0x00000000a2008e20,0x00000000a5600000)
 Metaspace       used 72723K, capacity 75202K, committed 75352K, reserved 1114112K
  class space    used 9723K, capacity 10282K, committed 10368K, reserved 1048576K
}
Event: 1909.868 GC heap before
{Heap before GC invocations=27 (full 3):
 PSYoungGen      total 95232K, used 95084K [0x00000000e0000000, 0x00000000e7180000, 0x0000000100000000)
  eden space 83456K, 100% used [0x00000000e0000000,0x00000000e5180000,0x00000000e5180000)
  from space 11776K, 98% used [0x00000000e5400000,0x00000000e5f5b218,0x00000000e5f80000)
  to   space 16384K, 0% used [0x00000000e6180000,0x00000000e6180000,0x00000000e7180000)
 ParOldGen       total 88064K, used 32803K [0x00000000a0000000, 0x00000000a5600000, 0x00000000e0000000)
  object space 88064K, 37% used [0x00000000a0000000,0x00000000a2008e20,0x00000000a5600000)
 Metaspace       used 74672K, capacity 77228K, committed 77400K, reserved 1116160K
  class space    used 10013K, capacity 10596K, committed 10624K, reserved 1048576K
Event: 1909.893 GC heap after
Heap after GC invocations=27 (full 3):
 PSYoungGen      total 97280K, used 15589K [0x00000000e0000000, 0x00000000e7300000, 0x0000000100000000)
  eden space 80896K, 0% used [0x00000000e0000000,0x00000000e0000000,0x00000000e4f00000)
  from space 16384K, 95% used [0x00000000e6180000,0x00000000e70b9748,0x00000000e7180000)
  to   space 18432K, 0% used [0x00000000e4f00000,0x00000000e4f00000,0x00000000e6100000)
 ParOldGen       total 88064K, used 32811K [0x00000000a0000000, 0x00000000a5600000, 0x00000000e0000000)
  object space 88064K, 37% used [0x00000000a0000000,0x00000000a200ae20,0x00000000a5600000)
 Metaspace       used 74672K, capacity 77228K, committed 77400K, reserved 1116160K
  class space    used 10013K, capacity 10596K, committed 10624K, reserved 1048576K
}

