# JRE version: Java(TM) SE Runtime Environment (8.0_201-b09) (build 1.8.0_201-b09)
# Java VM: Java HotSpot(TM) 64-Bit Server VM (25.201-b09 mixed mode windows-amd64 compressed oops)
Heap:
 PSYoungGen      total 214528K, used 141622K [0x00000000e0000000, 0x00000000ef380000, 0x0000000100000000)
  eden space 179712K, 60% used [0x00000000e0000000,0x00000000e697ff60,0x00000000eaf80000)
  from space 34816K, 96% used [0x00000000eaf80000,0x00000000ed04d9c8,0x00000000ed180000)
  to   space 33792K, 0% used [0x00000000ed280000,0x00000000ed280000,0x00000000ef380000)
 ParOldGen       total 149504K, used 40322K [0x00000000a0000000, 0x00000000a9200000, 0x00000000e0000000)
  object space 149504K, 26% used [0x00000000a0000000,0x00000000a2760b38,0x00000000a9200000)
 Metaspace       used 82185K, capacity 85138K, committed 85208K, reserved 1122304K
  class space    used 10884K, capacity 11490K, committed 11520K, reserved 1048576K
GC Heap History (10 events):
Event: 220.103 GC heap before
{Heap before GC invocations=25 (full 4):
 PSYoungGen      total 189952K, used 158201K [0x00000000e0000000, 0x00000000ee080000, 0x0000000100000000)
  eden space 158208K, 99% used [0x00000000e0000000,0x00000000e9a7e660,0x00000000e9a80000)
  from space 31744K, 0% used [0x00000000ec180000,0x00000000ec180000,0x00000000ee080000)
  to   space 35840K, 0% used [0x00000000e9a80000,0x00000000e9a80000,0x00000000ebd80000)
 ParOldGen       total 149504K, used 40282K [0x00000000a0000000, 0x00000000a9200000, 0x00000000e0000000)
  object space 149504K, 26% used [0x00000000a0000000,0x00000000a2756b38,0x00000000a9200000)
 Metaspace       used 80875K, capacity 83582K, committed 84184K, reserved 1122304K
  class space    used 10830K, capacity 11398K, committed 11520K, reserved 1048576K
Event: 220.117 GC heap after
Heap after GC invocations=25 (full 4):
 PSYoungGen      total 194048K, used 6166K [0x00000000e0000000, 0x00000000eec80000, 0x0000000100000000)
  eden space 158208K, 0% used [0x00000000e0000000,0x00000000e0000000,0x00000000e9a80000)
  from space 35840K, 17% used [0x00000000e9a80000,0x00000000ea085a38,0x00000000ebd80000)
  to   space 35328K, 0% used [0x00000000eca00000,0x00000000eca00000,0x00000000eec80000)
 ParOldGen       total 149504K, used 40290K [0x00000000a0000000, 0x00000000a9200000, 0x00000000e0000000)
  object space 149504K, 26% used [0x00000000a0000000,0x00000000a2758b38,0x00000000a9200000)
 Metaspace       used 80875K, capacity 83582K, committed 84184K, reserved 1122304K
  class space    used 10830K, capacity 11398K, committed 11520K, reserved 1048576K
}
Event: 299.928 GC heap before
{Heap before GC invocations=26 (full 4):
 PSYoungGen      total 194048K, used 164374K [0x00000000e0000000, 0x00000000eec80000, 0x0000000100000000)
  eden space 158208K, 100% used [0x00000000e0000000,0x00000000e9a80000,0x00000000e9a80000)
  from space 35840K, 17% used [0x00000000e9a80000,0x00000000ea085a38,0x00000000ebd80000)
  to   space 35328K, 0% used [0x00000000eca00000,0x00000000eca00000,0x00000000eec80000)
 ParOldGen       total 149504K, used 40290K [0x00000000a0000000, 0x00000000a9200000, 0x00000000e0000000)
  object space 149504K, 26% used [0x00000000a0000000,0x00000000a2758b38,0x00000000a9200000)
 Metaspace       used 81317K, capacity 84074K, committed 84440K, reserved 1122304K
  class space    used 10845K, capacity 11424K, committed 11520K, reserved 1048576K
Event: 299.975 GC heap after
Heap after GC invocations=26 (full 4):
 PSYoungGen      total 204800K, used 25520K [0x00000000e0000000, 0x00000000eee80000, 0x0000000100000000)
  eden space 169472K, 0% used [0x00000000e0000000,0x00000000e0000000,0x00000000ea580000)
  from space 35328K, 72% used [0x00000000eca00000,0x00000000ee2ec2b0,0x00000000eec80000)
  to   space 37376K, 0% used [0x00000000ea580000,0x00000000ea580000,0x00000000eca00000)
 ParOldGen       total 149504K, used 40298K [0x00000000a0000000, 0x00000000a9200000, 0x00000000e0000000)
  object space 149504K, 26% used [0x00000000a0000000,0x00000000a275ab38,0x00000000a9200000)
 Metaspace       used 81317K, capacity 84074K, committed 84440K, reserved 1122304K
  class space    used 10845K, capacity 11424K, committed 11520K, reserved 1048576K
}
Event: 395.293 GC heap before
{Heap before GC invocations=27 (full 4):
 PSYoungGen      total 204800K, used 194992K [0x00000000e0000000, 0x00000000eee80000, 0x0000000100000000)
  eden space 169472K, 100% used [0x00000000e0000000,0x00000000ea580000,0x00000000ea580000)
  from space 35328K, 72% used [0x00000000eca00000,0x00000000ee2ec2b0,0x00000000eec80000)
  to   space 37376K, 0% used [0x00000000ea580000,0x00000000ea580000,0x00000000eca00000)
 ParOldGen       total 149504K, used 40298K [0x00000000a0000000, 0x00000000a9200000, 0x00000000e0000000)
  object space 149504K, 26% used [0x00000000a0000000,0x00000000a275ab38,0x00000000a9200000)
 Metaspace       used 81518K, capacity 84374K, committed 84696K, reserved 1122304K
  class space    used 10849K, capacity 11430K, committed 11520K, reserved 1048576K
Event: 395.303 GC heap after
Heap after GC invocations=27 (full 4):
 PSYoungGen      total 206848K, used 6424K [0x00000000e0000000, 0x00000000ef680000, 0x0000000100000000)
  eden space 169472K, 0% used [0x00000000e0000000,0x00000000e0000000,0x00000000ea580000)
  from space 37376K, 17% used [0x00000000ea580000,0x00000000eabc60f0,0x00000000eca00000)
  to   space 36864K, 0% used [0x00000000ed280000,0x00000000ed280000,0x00000000ef680000)
 ParOldGen       total 149504K, used 40306K [0x00000000a0000000, 0x00000000a9200000, 0x00000000e0000000)
  object space 149504K, 26% used [0x00000000a0000000,0x00000000a275cb38,0x00000000a9200000)
 Metaspace       used 81518K, capacity 84374K, committed 84696K, reserved 1122304K
  class space    used 10849K, capacity 11430K, committed 11520K, reserved 1048576K
}
Event: 400.351 GC heap before
{Heap before GC invocations=28 (full 4):
 PSYoungGen      total 206848K, used 175896K [0x00000000e0000000, 0x00000000ef680000, 0x0000000100000000)
  eden space 169472K, 100% used [0x00000000e0000000,0x00000000ea580000,0x00000000ea580000)
  from space 37376K, 17% used [0x00000000ea580000,0x00000000eabc60f0,0x00000000eca00000)
  to   space 36864K, 0% used [0x00000000ed280000,0x00000000ed280000,0x00000000ef680000)
 ParOldGen       total 149504K, used 40306K [0x00000000a0000000, 0x00000000a9200000, 0x00000000e0000000)
  object space 149504K, 26% used [0x00000000a0000000,0x00000000a275cb38,0x00000000a9200000)
 Metaspace       used 81619K, capacity 84446K, committed 84696K, reserved 1122304K
  class space    used 10850K, capacity 11430K, committed 11520K, reserved 1048576K
Event: 400.374 GC heap after
Heap after GC invocations=28 (full 4):
 PSYoungGen      total 213504K, used 15586K [0x00000000e0000000, 0x00000000ef380000, 0x0000000100000000)
  eden space 179712K, 0% used [0x00000000e0000000,0x00000000e0000000,0x00000000eaf80000)
  from space 33792K, 46% used [0x00000000ed280000,0x00000000ee1b89d8,0x00000000ef380000)
  to   space 34816K, 0% used [0x00000000eaf80000,0x00000000eaf80000,0x00000000ed180000)
 ParOldGen       total 149504K, used 40314K [0x00000000a0000000, 0x00000000a9200000, 0x00000000e0000000)
  object space 149504K, 26% used [0x00000000a0000000,0x00000000a275eb38,0x00000000a9200000)
 Metaspace       used 81619K, capacity 84446K, committed 84696K, reserved 1122304K
  class space    used 10850K, capacity 11430K, committed 11520K, reserved 1048576K
}
Event: 463.779 GC heap before
{Heap before GC invocations=29 (full 4):
 PSYoungGen      total 213504K, used 195298K [0x00000000e0000000, 0x00000000ef380000, 0x0000000100000000)
  eden space 179712K, 100% used [0x00000000e0000000,0x00000000eaf80000,0x00000000eaf80000)
  from space 33792K, 46% used [0x00000000ed280000,0x00000000ee1b89d8,0x00000000ef380000)
  to   space 34816K, 0% used [0x00000000eaf80000,0x00000000eaf80000,0x00000000ed180000)
 ParOldGen       total 149504K, used 40314K [0x00000000a0000000, 0x00000000a9200000, 0x00000000e0000000)
  object space 149504K, 26% used [0x00000000a0000000,0x00000000a275eb38,0x00000000a9200000)
 Metaspace       used 82066K, capacity 85038K, committed 85208K, reserved 1122304K
  class space    used 10881K, capacity 11484K, committed 11520K, reserved 1048576K
Event: 463.836 GC heap after
Heap after GC invocations=29 (full 4):
 PSYoungGen      total 214528K, used 33590K [0x00000000e0000000, 0x00000000ef380000, 0x0000000100000000)
  eden space 179712K, 0% used [0x00000000e0000000,0x00000000e0000000,0x00000000eaf80000)
  from space 34816K, 96% used [0x00000000eaf80000,0x00000000ed04d9c8,0x00000000ed180000)
  to   space 33792K, 0% used [0x00000000ed280000,0x00000000ed280000,0x00000000ef380000)
 ParOldGen       total 149504K, used 40322K [0x00000000a0000000, 0x00000000a9200000, 0x00000000e0000000)
  object space 149504K, 26% used [0x00000000a0000000,0x00000000a2760b38,0x00000000a9200000)
 Metaspace       used 82066K, capacity 85038K, committed 85208K, reserved 1122304K
  class space    used 10881K, capacity 11484K, committed 11520K, reserved 1048576K
}

