# JRE version: Java(TM) SE Runtime Environment (8.0_201-b09) (build 1.8.0_201-b09)
# Java VM: Java HotSpot(TM) 64-Bit Server VM (25.201-b09 mixed mode windows-amd64 compressed oops)
Heap:
 PSYoungGen      total 131072K, used 80088K [0x00000000e0000000, 0x00000000e9c80000, 0x0000000100000000)
  eden space 116736K, 62% used [0x00000000e0000000,0x00000000e479d2c8,0x00000000e7200000)
  from space 14336K, 47% used [0x00000000e7200000,0x00000000e78990b0,0x00000000e8000000)
  to   space 13824K, 0% used [0x00000000e8f00000,0x00000000e8f00000,0x00000000e9c80000)
 ParOldGen       total 51712K, used 33877K [0x00000000a0000000, 0x00000000a3280000, 0x00000000e0000000)
  object space 51712K, 65% used [0x00000000a0000000,0x00000000a21154e8,0x00000000a3280000)
 Metaspace       used 66244K, capacity 67780K, committed 67800K, reserved 1107968K
  class space    used 9040K, capacity 9467K, committed 9472K, reserved 1048576K
GC Heap History (10 events):
Event: 25.185 GC heap before
{Heap before GC invocations=16 (full 2):
 PSYoungGen      total 78848K, used 72192K [0x00000000e0000000, 0x00000000e7100000, 0x0000000100000000)
  eden space 72192K, 100% used [0x00000000e0000000,0x00000000e4680000,0x00000000e4680000)
  from space 6656K, 0% used [0x00000000e4680000,0x00000000e4680000,0x00000000e4d00000)
  to   space 8192K, 0% used [0x00000000e6900000,0x00000000e6900000,0x00000000e7100000)
 ParOldGen       total 51712K, used 17553K [0x00000000a0000000, 0x00000000a3280000, 0x00000000e0000000)
  object space 51712K, 33% used [0x00000000a0000000,0x00000000a1124518,0x00000000a3280000)
 Metaspace       used 41903K, capacity 42498K, committed 42880K, reserved 1085440K
  class space    used 5784K, capacity 5991K, committed 6016K, reserved 1048576K
Event: 25.203 GC heap after
Heap after GC invocations=16 (full 2):
 PSYoungGen      total 101888K, used 8184K [0x00000000e0000000, 0x00000000e7100000, 0x0000000100000000)
  eden space 93696K, 0% used [0x00000000e0000000,0x00000000e0000000,0x00000000e5b80000)
  from space 8192K, 99% used [0x00000000e6900000,0x00000000e70fe3b0,0x00000000e7100000)
  to   space 10240K, 0% used [0x00000000e5d00000,0x00000000e5d00000,0x00000000e6700000)
 ParOldGen       total 51712K, used 20648K [0x00000000a0000000, 0x00000000a3280000, 0x00000000e0000000)
  object space 51712K, 39% used [0x00000000a0000000,0x00000000a142a098,0x00000000a3280000)
 Metaspace       used 41903K, capacity 42498K, committed 42880K, reserved 1085440K
  class space    used 5784K, capacity 5991K, committed 6016K, reserved 1048576K
}
Event: 29.559 GC heap before
{Heap before GC invocations=17 (full 2):
 PSYoungGen      total 101888K, used 101880K [0x00000000e0000000, 0x00000000e7100000, 0x0000000100000000)
  eden space 93696K, 100% used [0x00000000e0000000,0x00000000e5b80000,0x00000000e5b80000)
  from space 8192K, 99% used [0x00000000e6900000,0x00000000e70fe3b0,0x00000000e7100000)
  to   space 10240K, 0% used [0x00000000e5d00000,0x00000000e5d00000,0x00000000e6700000)
 ParOldGen       total 51712K, used 20648K [0x00000000a0000000, 0x00000000a3280000, 0x00000000e0000000)
  object space 51712K, 39% used [0x00000000a0000000,0x00000000a142a098,0x00000000a3280000)
 Metaspace       used 51071K, capacity 52214K, committed 52480K, reserved 1093632K
  class space    used 7064K, capacity 7388K, committed 7424K, reserved 1048576K
Event: 29.586 GC heap after
Heap after GC invocations=17 (full 2):
 PSYoungGen      total 105472K, used 10125K [0x00000000e0000000, 0x00000000e8b80000, 0x0000000100000000)
  eden space 95232K, 0% used [0x00000000e0000000,0x00000000e0000000,0x00000000e5d00000)
  from space 10240K, 98% used [0x00000000e5d00000,0x00000000e66e3768,0x00000000e6700000)
  to   space 11776K, 0% used [0x00000000e8000000,0x00000000e8000000,0x00000000e8b80000)
 ParOldGen       total 51712K, used 26332K [0x00000000a0000000, 0x00000000a3280000, 0x00000000e0000000)
  object space 51712K, 50% used [0x00000000a0000000,0x00000000a19b7230,0x00000000a3280000)
 Metaspace       used 51071K, capacity 52214K, committed 52480K, reserved 1093632K
  class space    used 7064K, capacity 7388K, committed 7424K, reserved 1048576K
}
Event: 34.511 GC heap before
{Heap before GC invocations=18 (full 2):
 PSYoungGen      total 105472K, used 100391K [0x00000000e0000000, 0x00000000e8b80000, 0x0000000100000000)
  eden space 95232K, 94% used [0x00000000e0000000,0x00000000e58267f0,0x00000000e5d00000)
  from space 10240K, 98% used [0x00000000e5d00000,0x00000000e66e3768,0x00000000e6700000)
  to   space 11776K, 0% used [0x00000000e8000000,0x00000000e8000000,0x00000000e8b80000)
 ParOldGen       total 51712K, used 26332K [0x00000000a0000000, 0x00000000a3280000, 0x00000000e0000000)
  object space 51712K, 50% used [0x00000000a0000000,0x00000000a19b7230,0x00000000a3280000)
 Metaspace       used 57599K, capacity 59010K, committed 59096K, reserved 1099776K
  class space    used 8053K, capacity 8434K, committed 8448K, reserved 1048576K
Event: 34.672 GC heap after
Heap after GC invocations=18 (full 2):
 PSYoungGen      total 128512K, used 11762K [0x00000000e0000000, 0x00000000e9580000, 0x0000000100000000)
  eden space 116736K, 0% used [0x00000000e0000000,0x00000000e0000000,0x00000000e7200000)
  from space 11776K, 99% used [0x00000000e8000000,0x00000000e8b7ca38,0x00000000e8b80000)
  to   space 14336K, 0% used [0x00000000e7200000,0x00000000e7200000,0x00000000e8000000)
 ParOldGen       total 51712K, used 29374K [0x00000000a0000000, 0x00000000a3280000, 0x00000000e0000000)
  object space 51712K, 56% used [0x00000000a0000000,0x00000000a1cafaa0,0x00000000a3280000)
 Metaspace       used 57599K, capacity 59010K, committed 59096K, reserved 1099776K
  class space    used 8053K, capacity 8434K, committed 8448K, reserved 1048576K
}
Event: 34.672 GC heap before
{Heap before GC invocations=19 (full 3):
 PSYoungGen      total 128512K, used 11762K [0x00000000e0000000, 0x00000000e9580000, 0x0000000100000000)
  eden space 116736K, 0% used [0x00000000e0000000,0x00000000e0000000,0x00000000e7200000)
  from space 11776K, 99% used [0x00000000e8000000,0x00000000e8b7ca38,0x00000000e8b80000)
  to   space 14336K, 0% used [0x00000000e7200000,0x00000000e7200000,0x00000000e8000000)
 ParOldGen       total 51712K, used 29374K [0x00000000a0000000, 0x00000000a3280000, 0x00000000e0000000)
  object space 51712K, 56% used [0x00000000a0000000,0x00000000a1cafaa0,0x00000000a3280000)
 Metaspace       used 57599K, capacity 59010K, committed 59096K, reserved 1099776K
  class space    used 8053K, capacity 8434K, committed 8448K, reserved 1048576K
Event: 35.182 GC heap after
Heap after GC invocations=19 (full 3):
 PSYoungGen      total 128512K, used 0K [0x00000000e0000000, 0x00000000e9580000, 0x0000000100000000)
  eden space 116736K, 0% used [0x00000000e0000000,0x00000000e0000000,0x00000000e7200000)
  from space 11776K, 0% used [0x00000000e8000000,0x00000000e8000000,0x00000000e8b80000)
  to   space 14336K, 0% used [0x00000000e7200000,0x00000000e7200000,0x00000000e8000000)
 ParOldGen       total 51712K, used 33869K [0x00000000a0000000, 0x00000000a3280000, 0x00000000e0000000)
  object space 51712K, 65% used [0x00000000a0000000,0x00000000a21134e8,0x00000000a3280000)
 Metaspace       used 57599K, capacity 59010K, committed 59096K, reserved 1099776K
  class space    used 8053K, capacity 8434K, committed 8448K, reserved 1048576K
}
Event: 52.010 GC heap before
{Heap before GC invocations=20 (full 3):
 PSYoungGen      total 128512K, used 116736K [0x00000000e0000000, 0x00000000e9580000, 0x0000000100000000)
  eden space 116736K, 100% used [0x00000000e0000000,0x00000000e7200000,0x00000000e7200000)
  from space 11776K, 0% used [0x00000000e8000000,0x00000000e8000000,0x00000000e8b80000)
  to   space 14336K, 0% used [0x00000000e7200000,0x00000000e7200000,0x00000000e8000000)
 ParOldGen       total 51712K, used 33869K [0x00000000a0000000, 0x00000000a3280000, 0x00000000e0000000)
  object space 51712K, 65% used [0x00000000a0000000,0x00000000a21134e8,0x00000000a3280000)
 Metaspace       used 60842K, capacity 62288K, committed 62424K, reserved 1103872K
  class space    used 8432K, capacity 8851K, committed 8960K, reserved 1048576K
Event: 52.030 GC heap after
Heap after GC invocations=20 (full 3):
 PSYoungGen      total 131072K, used 6756K [0x00000000e0000000, 0x00000000e9c80000, 0x0000000100000000)
  eden space 116736K, 0% used [0x00000000e0000000,0x00000000e0000000,0x00000000e7200000)
  from space 14336K, 47% used [0x00000000e7200000,0x00000000e78990b0,0x00000000e8000000)
  to   space 13824K, 0% used [0x00000000e8f00000,0x00000000e8f00000,0x00000000e9c80000)
 ParOldGen       total 51712K, used 33877K [0x00000000a0000000, 0x00000000a3280000, 0x00000000e0000000)
  object space 51712K, 65% used [0x00000000a0000000,0x00000000a21154e8,0x00000000a3280000)
 Metaspace       used 60842K, capacity 62288K, committed 62424K, reserved 1103872K
  class space    used 8432K, capacity 8851K, committed 8960K, reserved 1048576K
}

