# JRE version: Java(TM) SE Runtime Environment (8.0_201-b09) (build 1.8.0_201-b09)
# Java VM: Java HotSpot(TM) 64-Bit Server VM (25.201-b09 mixed mode windows-amd64 compressed oops)
Heap:
 PSYoungGen      total 96256K, used 79840K [0x00000000e0000000, 0x00000000e6800000, 0x0000000100000000)
  eden space 86016K, 81% used [0x00000000e0000000,0x00000000e44df168,0x00000000e5400000)
  from space 10240K, 90% used [0x00000000e5400000,0x00000000e5d190d0,0x00000000e5e00000)
  to   space 8192K, 0% used [0x00000000e5f80000,0x00000000e5f80000,0x00000000e6780000)
 ParOldGen       total 56320K, used 25090K [0x00000000a0000000, 0x00000000a3700000, 0x00000000e0000000)
  object space 56320K, 44% used [0x00000000a0000000,0x00000000a1880850,0x00000000a3700000)
 Metaspace       used 55327K, capacity 56694K, committed 56832K, reserved 1097728K
  class space    used 7700K, capacity 8090K, committed 8192K, reserved 1048576K
GC Heap History (10 events):
Event: 15.383 GC heap before
{Heap before GC invocations=13 (full 1):
 PSYoungGen      total 57856K, used 56861K [0x00000000e0000000, 0x00000000e5100000, 0x0000000100000000)
  eden space 51200K, 100% used [0x00000000e0000000,0x00000000e3200000,0x00000000e3200000)
  from space 6656K, 85% used [0x00000000e3200000,0x00000000e3787498,0x00000000e3880000)
  to   space 7168K, 0% used [0x00000000e4a00000,0x00000000e4a00000,0x00000000e5100000)
 ParOldGen       total 32768K, used 7233K [0x00000000a0000000, 0x00000000a2000000, 0x00000000e0000000)
  object space 32768K, 22% used [0x00000000a0000000,0x00000000a0710770,0x00000000a2000000)
 Metaspace       used 29477K, capacity 29968K, committed 30336K, reserved 1075200K
  class space    used 4190K, capacity 4387K, committed 4480K, reserved 1048576K
Event: 15.403 GC heap after
Heap after GC invocations=13 (full 1):
 PSYoungGen      total 74752K, used 4511K [0x00000000e0000000, 0x00000000e5000000, 0x0000000100000000)
  eden space 68608K, 0% used [0x00000000e0000000,0x00000000e0000000,0x00000000e4300000)
  from space 6144K, 73% used [0x00000000e4a00000,0x00000000e4e67dd0,0x00000000e5000000)
  to   space 6656K, 0% used [0x00000000e4300000,0x00000000e4300000,0x00000000e4980000)
 ParOldGen       total 32768K, used 9717K [0x00000000a0000000, 0x00000000a2000000, 0x00000000e0000000)
  object space 32768K, 29% used [0x00000000a0000000,0x00000000a097d7d0,0x00000000a2000000)
 Metaspace       used 29477K, capacity 29968K, committed 30336K, reserved 1075200K
  class space    used 4190K, capacity 4387K, committed 4480K, reserved 1048576K
}
Event: 22.710 GC heap before
{Heap before GC invocations=14 (full 1):
 PSYoungGen      total 74752K, used 63908K [0x00000000e0000000, 0x00000000e5000000, 0x0000000100000000)
  eden space 68608K, 86% used [0x00000000e0000000,0x00000000e3a01388,0x00000000e4300000)
  from space 6144K, 73% used [0x00000000e4a00000,0x00000000e4e67dd0,0x00000000e5000000)
  to   space 6656K, 0% used [0x00000000e4300000,0x00000000e4300000,0x00000000e4980000)
 ParOldGen       total 32768K, used 9717K [0x00000000a0000000, 0x00000000a2000000, 0x00000000e0000000)
  object space 32768K, 29% used [0x00000000a0000000,0x00000000a097d7d0,0x00000000a2000000)
 Metaspace       used 34791K, capacity 35282K, committed 35456K, reserved 1079296K
  class space    used 4958K, capacity 5157K, committed 5248K, reserved 1048576K
Event: 22.725 GC heap after
Heap after GC invocations=14 (full 1):
 PSYoungGen      total 75264K, used 6650K [0x00000000e0000000, 0x00000000e6780000, 0x0000000100000000)
  eden space 68608K, 0% used [0x00000000e0000000,0x00000000e0000000,0x00000000e4300000)
  from space 6656K, 99% used [0x00000000e4300000,0x00000000e497e9f0,0x00000000e4980000)
  to   space 8192K, 0% used [0x00000000e5f80000,0x00000000e5f80000,0x00000000e6780000)
 ParOldGen       total 32768K, used 11454K [0x00000000a0000000, 0x00000000a2000000, 0x00000000e0000000)
  object space 32768K, 34% used [0x00000000a0000000,0x00000000a0b2f8a8,0x00000000a2000000)
 Metaspace       used 34791K, capacity 35282K, committed 35456K, reserved 1079296K
  class space    used 4958K, capacity 5157K, committed 5248K, reserved 1048576K
}
Event: 22.725 GC heap before
{Heap before GC invocations=15 (full 2):
 PSYoungGen      total 75264K, used 6650K [0x00000000e0000000, 0x00000000e6780000, 0x0000000100000000)
  eden space 68608K, 0% used [0x00000000e0000000,0x00000000e0000000,0x00000000e4300000)
  from space 6656K, 99% used [0x00000000e4300000,0x00000000e497e9f0,0x00000000e4980000)
  to   space 8192K, 0% used [0x00000000e5f80000,0x00000000e5f80000,0x00000000e6780000)
 ParOldGen       total 32768K, used 11454K [0x00000000a0000000, 0x00000000a2000000, 0x00000000e0000000)
  object space 32768K, 34% used [0x00000000a0000000,0x00000000a0b2f8a8,0x00000000a2000000)
 Metaspace       used 34791K, capacity 35282K, committed 35456K, reserved 1079296K
  class space    used 4958K, capacity 5157K, committed 5248K, reserved 1048576K
Event: 22.928 GC heap after
Heap after GC invocations=15 (full 2):
 PSYoungGen      total 75264K, used 0K [0x00000000e0000000, 0x00000000e6780000, 0x0000000100000000)
  eden space 68608K, 0% used [0x00000000e0000000,0x00000000e0000000,0x00000000e4300000)
  from space 6656K, 0% used [0x00000000e4300000,0x00000000e4300000,0x00000000e4980000)
  to   space 8192K, 0% used [0x00000000e5f80000,0x00000000e5f80000,0x00000000e6780000)
 ParOldGen       total 56320K, used 17557K [0x00000000a0000000, 0x00000000a3700000, 0x00000000e0000000)
  object space 56320K, 31% used [0x00000000a0000000,0x00000000a1125630,0x00000000a3700000)
 Metaspace       used 34791K, capacity 35282K, committed 35456K, reserved 1079296K
  class space    used 4958K, capacity 5157K, committed 5248K, reserved 1048576K
}
Event: 25.533 GC heap before
{Heap before GC invocations=16 (full 2):
 PSYoungGen      total 75264K, used 68608K [0x00000000e0000000, 0x00000000e6780000, 0x0000000100000000)
  eden space 68608K, 100% used [0x00000000e0000000,0x00000000e4300000,0x00000000e4300000)
  from space 6656K, 0% used [0x00000000e4300000,0x00000000e4300000,0x00000000e4980000)
  to   space 8192K, 0% used [0x00000000e5f80000,0x00000000e5f80000,0x00000000e6780000)
 ParOldGen       total 56320K, used 17557K [0x00000000a0000000, 0x00000000a3700000, 0x00000000e0000000)
  object space 56320K, 31% used [0x00000000a0000000,0x00000000a1125630,0x00000000a3700000)
 Metaspace       used 41629K, capacity 42284K, committed 42624K, reserved 1085440K
  class space    used 5746K, capacity 5986K, committed 6016K, reserved 1048576K
Event: 25.548 GC heap after
Heap after GC invocations=16 (full 2):
 PSYoungGen      total 94208K, used 8186K [0x00000000e0000000, 0x00000000e6800000, 0x0000000100000000)
  eden space 86016K, 0% used [0x00000000e0000000,0x00000000e0000000,0x00000000e5400000)
  from space 8192K, 99% used [0x00000000e5f80000,0x00000000e677eb70,0x00000000e6780000)
  to   space 10240K, 0% used [0x00000000e5400000,0x00000000e5400000,0x00000000e5e00000)
 ParOldGen       total 56320K, used 19910K [0x00000000a0000000, 0x00000000a3700000, 0x00000000e0000000)
  object space 56320K, 35% used [0x00000000a0000000,0x00000000a1371b38,0x00000000a3700000)
 Metaspace       used 41629K, capacity 42284K, committed 42624K, reserved 1085440K
  class space    used 5746K, capacity 5986K, committed 6016K, reserved 1048576K
}
Event: 29.159 GC heap before
{Heap before GC invocations=17 (full 2):
 PSYoungGen      total 94208K, used 94202K [0x00000000e0000000, 0x00000000e6800000, 0x0000000100000000)
  eden space 86016K, 100% used [0x00000000e0000000,0x00000000e5400000,0x00000000e5400000)
  from space 8192K, 99% used [0x00000000e5f80000,0x00000000e677eb70,0x00000000e6780000)
  to   space 10240K, 0% used [0x00000000e5400000,0x00000000e5400000,0x00000000e5e00000)
 ParOldGen       total 56320K, used 19910K [0x00000000a0000000, 0x00000000a3700000, 0x00000000e0000000)
  object space 56320K, 35% used [0x00000000a0000000,0x00000000a1371b38,0x00000000a3700000)
 Metaspace       used 49964K, capacity 50942K, committed 51072K, reserved 1093632K
  class space    used 6884K, capacity 7214K, committed 7296K, reserved 1048576K
Event: 29.186 GC heap after
Heap after GC invocations=17 (full 2):
 PSYoungGen      total 96256K, used 9316K [0x00000000e0000000, 0x00000000e6800000, 0x0000000100000000)
  eden space 86016K, 0% used [0x00000000e0000000,0x00000000e0000000,0x00000000e5400000)
  from space 10240K, 90% used [0x00000000e5400000,0x00000000e5d190d0,0x00000000e5e00000)
  to   space 8192K, 0% used [0x00000000e5f80000,0x00000000e5f80000,0x00000000e6780000)
 ParOldGen       total 56320K, used 25090K [0x00000000a0000000, 0x00000000a3700000, 0x00000000e0000000)
  object space 56320K, 44% used [0x00000000a0000000,0x00000000a1880850,0x00000000a3700000)
 Metaspace       used 49964K, capacity 50942K, committed 51072K, reserved 1093632K
  class space    used 6884K, capacity 7214K, committed 7296K, reserved 1048576K
}

