# JRE version: Java(TM) SE Runtime Environment (8.0_201-b09) (build 1.8.0_201-b09)
# Java VM: Java HotSpot(TM) 64-Bit Server VM (25.201-b09 mixed mode windows-amd64 compressed oops)
Heap:
 PSYoungGen      total 310784K, used 159638K [0x00000000e0000000, 0x00000000f4d00000, 0x0000000100000000)
  eden space 289280K, 55% used [0x00000000e0000000,0x00000000e9be58e8,0x00000000f1a80000)
  from space 21504K, 0% used [0x00000000f3180000,0x00000000f3180000,0x00000000f4680000)
  to   space 23552K, 0% used [0x00000000f1a80000,0x00000000f1a80000,0x00000000f3180000)
 ParOldGen       total 79360K, used 30581K [0x00000000a0000000, 0x00000000a4d80000, 0x00000000e0000000)
  object space 79360K, 38% used [0x00000000a0000000,0x00000000a1ddd4e0,0x00000000a4d80000)
 Metaspace       used 64826K, capacity 66468K, committed 66776K, reserved 1105920K
  class space    used 8940K, capacity 9371K, committed 9472K, reserved 1048576K
GC Heap History (10 events):
Event: 20.756 GC heap before
{Heap before GC invocations=9 (full 1):
 PSYoungGen      total 141824K, used 47391K [0x00000000e0000000, 0x00000000ef180000, 0x0000000100000000)
  eden space 131072K, 27% used [0x00000000e0000000,0x00000000e23ca580,0x00000000e8000000)
  from space 10752K, 99% used [0x00000000e8000000,0x00000000e8a7d7f0,0x00000000e8a80000)
  to   space 13824K, 0% used [0x00000000ee400000,0x00000000ee400000,0x00000000ef180000)
 ParOldGen       total 36352K, used 8378K [0x00000000a0000000, 0x00000000a2380000, 0x00000000e0000000)
  object space 36352K, 23% used [0x00000000a0000000,0x00000000a082e8f0,0x00000000a2380000)
 Metaspace       used 34797K, capacity 35282K, committed 35456K, reserved 1079296K
  class space    used 4964K, capacity 5157K, committed 5248K, reserved 1048576K
Event: 20.773 GC heap after
Heap after GC invocations=9 (full 1):
 PSYoungGen      total 222208K, used 9602K [0x00000000e0000000, 0x00000000eed80000, 0x0000000100000000)
  eden space 212480K, 0% used [0x00000000e0000000,0x00000000e0000000,0x00000000ecf80000)
  from space 9728K, 98% used [0x00000000ee400000,0x00000000eed60840,0x00000000eed80000)
  to   space 14336K, 0% used [0x00000000ed180000,0x00000000ed180000,0x00000000edf80000)
 ParOldGen       total 36352K, used 8386K [0x00000000a0000000, 0x00000000a2380000, 0x00000000e0000000)
  object space 36352K, 23% used [0x00000000a0000000,0x00000000a08308f0,0x00000000a2380000)
 Metaspace       used 34797K, capacity 35282K, committed 35456K, reserved 1079296K
  class space    used 4964K, capacity 5157K, committed 5248K, reserved 1048576K
}
Event: 20.773 GC heap before
{Heap before GC invocations=10 (full 2):
 PSYoungGen      total 222208K, used 9602K [0x00000000e0000000, 0x00000000eed80000, 0x0000000100000000)
  eden space 212480K, 0% used [0x00000000e0000000,0x00000000e0000000,0x00000000ecf80000)
  from space 9728K, 98% used [0x00000000ee400000,0x00000000eed60840,0x00000000eed80000)
  to   space 14336K, 0% used [0x00000000ed180000,0x00000000ed180000,0x00000000edf80000)
 ParOldGen       total 36352K, used 8386K [0x00000000a0000000, 0x00000000a2380000, 0x00000000e0000000)
  object space 36352K, 23% used [0x00000000a0000000,0x00000000a08308f0,0x00000000a2380000)
 Metaspace       used 34797K, capacity 35282K, committed 35456K, reserved 1079296K
  class space    used 4964K, capacity 5157K, committed 5248K, reserved 1048576K
Event: 20.855 GC heap after
Heap after GC invocations=10 (full 2):
 PSYoungGen      total 222208K, used 0K [0x00000000e0000000, 0x00000000eed80000, 0x0000000100000000)
  eden space 212480K, 0% used [0x00000000e0000000,0x00000000e0000000,0x00000000ecf80000)
  from space 9728K, 0% used [0x00000000ee400000,0x00000000ee400000,0x00000000eed80000)
  to   space 14336K, 0% used [0x00000000ed180000,0x00000000ed180000,0x00000000edf80000)
 ParOldGen       total 52736K, used 16458K [0x00000000a0000000, 0x00000000a3380000, 0x00000000e0000000)
  object space 52736K, 31% used [0x00000000a0000000,0x00000000a1012b30,0x00000000a3380000)
 Metaspace       used 34797K, capacity 35282K, committed 35456K, reserved 1079296K
  class space    used 4964K, capacity 5157K, committed 5248K, reserved 1048576K
}
Event: 30.298 GC heap before
{Heap before GC invocations=11 (full 2):
 PSYoungGen      total 222208K, used 212480K [0x00000000e0000000, 0x00000000eed80000, 0x0000000100000000)
  eden space 212480K, 100% used [0x00000000e0000000,0x00000000ecf80000,0x00000000ecf80000)
  from space 9728K, 0% used [0x00000000ee400000,0x00000000ee400000,0x00000000eed80000)
  to   space 14336K, 0% used [0x00000000ed180000,0x00000000ed180000,0x00000000edf80000)
 ParOldGen       total 52736K, used 16458K [0x00000000a0000000, 0x00000000a3380000, 0x00000000e0000000)
  object space 52736K, 31% used [0x00000000a0000000,0x00000000a1012b30,0x00000000a3380000)
 Metaspace       used 54501K, capacity 55842K, committed 56064K, reserved 1097728K
  class space    used 7562K, capacity 7934K, committed 7936K, reserved 1048576K
Event: 30.385 GC heap after
Heap after GC invocations=11 (full 2):
 PSYoungGen      total 228864K, used 14326K [0x00000000e0000000, 0x00000000f4680000, 0x0000000100000000)
  eden space 214528K, 0% used [0x00000000e0000000,0x00000000e0000000,0x00000000ed180000)
  from space 14336K, 99% used [0x00000000ed180000,0x00000000edf7da40,0x00000000edf80000)
  to   space 21504K, 0% used [0x00000000f3180000,0x00000000f3180000,0x00000000f4680000)
 ParOldGen       total 52736K, used 28621K [0x00000000a0000000, 0x00000000a3380000, 0x00000000e0000000)
  object space 52736K, 54% used [0x00000000a0000000,0x00000000a1bf3688,0x00000000a3380000)
 Metaspace       used 54501K, capacity 55842K, committed 56064K, reserved 1097728K
  class space    used 7562K, capacity 7934K, committed 7936K, reserved 1048576K
}
Event: 32.649 GC heap before
{Heap before GC invocations=12 (full 2):
 PSYoungGen      total 228864K, used 60255K [0x00000000e0000000, 0x00000000f4680000, 0x0000000100000000)
  eden space 214528K, 21% used [0x00000000e0000000,0x00000000e2cda3e8,0x00000000ed180000)
  from space 14336K, 99% used [0x00000000ed180000,0x00000000edf7da40,0x00000000edf80000)
  to   space 21504K, 0% used [0x00000000f3180000,0x00000000f3180000,0x00000000f4680000)
 ParOldGen       total 52736K, used 28621K [0x00000000a0000000, 0x00000000a3380000, 0x00000000e0000000)
  object space 52736K, 54% used [0x00000000a0000000,0x00000000a1bf3688,0x00000000a3380000)
 Metaspace       used 57615K, capacity 59006K, committed 59096K, reserved 1099776K
  class space    used 8048K, capacity 8434K, committed 8448K, reserved 1048576K
Event: 32.679 GC heap after
Heap after GC invocations=12 (full 2):
 PSYoungGen      total 310784K, used 16922K [0x00000000e0000000, 0x00000000f4d00000, 0x0000000100000000)
  eden space 289280K, 0% used [0x00000000e0000000,0x00000000e0000000,0x00000000f1a80000)
  from space 21504K, 78% used [0x00000000f3180000,0x00000000f4206960,0x00000000f4680000)
  to   space 23552K, 0% used [0x00000000f1a80000,0x00000000f1a80000,0x00000000f3180000)
 ParOldGen       total 52736K, used 28629K [0x00000000a0000000, 0x00000000a3380000, 0x00000000e0000000)
  object space 52736K, 54% used [0x00000000a0000000,0x00000000a1bf5688,0x00000000a3380000)
 Metaspace       used 57615K, capacity 59006K, committed 59096K, reserved 1099776K
  class space    used 8048K, capacity 8434K, committed 8448K, reserved 1048576K
}
Event: 32.679 GC heap before
{Heap before GC invocations=13 (full 3):
 PSYoungGen      total 310784K, used 16922K [0x00000000e0000000, 0x00000000f4d00000, 0x0000000100000000)
  eden space 289280K, 0% used [0x00000000e0000000,0x00000000e0000000,0x00000000f1a80000)
  from space 21504K, 78% used [0x00000000f3180000,0x00000000f4206960,0x00000000f4680000)
  to   space 23552K, 0% used [0x00000000f1a80000,0x00000000f1a80000,0x00000000f3180000)
 ParOldGen       total 52736K, used 28629K [0x00000000a0000000, 0x00000000a3380000, 0x00000000e0000000)
  object space 52736K, 54% used [0x00000000a0000000,0x00000000a1bf5688,0x00000000a3380000)
 Metaspace       used 57615K, capacity 59006K, committed 59096K, reserved 1099776K
  class space    used 8048K, capacity 8434K, committed 8448K, reserved 1048576K
Event: 33.012 GC heap after
Heap after GC invocations=13 (full 3):
 PSYoungGen      total 310784K, used 0K [0x00000000e0000000, 0x00000000f4d00000, 0x0000000100000000)
  eden space 289280K, 0% used [0x00000000e0000000,0x00000000e0000000,0x00000000f1a80000)
  from space 21504K, 0% used [0x00000000f3180000,0x00000000f3180000,0x00000000f4680000)
  to   space 23552K, 0% used [0x00000000f1a80000,0x00000000f1a80000,0x00000000f3180000)
 ParOldGen       total 79360K, used 30581K [0x00000000a0000000, 0x00000000a4d80000, 0x00000000e0000000)
  object space 79360K, 38% used [0x00000000a0000000,0x00000000a1ddd4e0,0x00000000a4d80000)
 Metaspace       used 57615K, capacity 59006K, committed 59096K, reserved 1099776K
  class space    used 8048K, capacity 8434K, committed 8448K, reserved 1048576K
}

