# JRE version: Java(TM) SE Runtime Environment (8.0_201-b09) (build 1.8.0_201-b09)
# Java VM: Java HotSpot(TM) 64-Bit Server VM (25.201-b09 mixed mode windows-amd64 compressed oops)
Heap:
 PSYoungGen      total 167936K, used 75991K [0x00000000e0000000, 0x00000000ecd00000, 0x0000000100000000)
  eden space 130560K, 49% used [0x00000000e0000000,0x00000000e3ea7f48,0x00000000e7f80000)
  from space 37376K, 31% used [0x00000000ea200000,0x00000000ead8dce8,0x00000000ec680000)
  to   space 35328K, 0% used [0x00000000e7f80000,0x00000000e7f80000,0x00000000ea200000)
 ParOldGen       total 114688K, used 36755K [0x00000000a0000000, 0x00000000a7000000, 0x00000000e0000000)
  object space 114688K, 32% used [0x00000000a0000000,0x00000000a23e4f28,0x00000000a7000000)
 Metaspace       used 85221K, capacity 90268K, committed 90328K, reserved 1128448K
  class space    used 11156K, capacity 11999K, committed 12032K, reserved 1048576K
GC Heap History (10 events):
Event: 2968.694 GC heap before
{Heap before GC invocations=50 (full 4):
 PSYoungGen      total 186368K, used 157436K [0x00000000e0000000, 0x00000000ee700000, 0x0000000100000000)
  eden space 145920K, 100% used [0x00000000e0000000,0x00000000e8e80000,0x00000000e8e80000)
  from space 40448K, 28% used [0x00000000e8e80000,0x00000000e99bf118,0x00000000eb600000)
  to   space 38912K, 0% used [0x00000000ec100000,0x00000000ec100000,0x00000000ee700000)
 ParOldGen       total 114688K, used 36739K [0x00000000a0000000, 0x00000000a7000000, 0x00000000e0000000)
  object space 114688K, 32% used [0x00000000a0000000,0x00000000a23e0f28,0x00000000a7000000)
 Metaspace       used 84718K, capacity 89604K, committed 89816K, reserved 1126400K
  class space    used 11121K, capacity 11937K, committed 12032K, reserved 1048576K
Event: 2968.755 GC heap after
Heap after GC invocations=50 (full 4):
 PSYoungGen      total 169984K, used 28183K [0x00000000e0000000, 0x00000000edd00000, 0x0000000100000000)
  eden space 141312K, 0% used [0x00000000e0000000,0x00000000e0000000,0x00000000e8a00000)
  from space 28672K, 98% used [0x00000000ec100000,0x00000000edc85e18,0x00000000edd00000)
  to   space 41472K, 0% used [0x00000000e8c00000,0x00000000e8c00000,0x00000000eb480000)
 ParOldGen       total 114688K, used 36747K [0x00000000a0000000, 0x00000000a7000000, 0x00000000e0000000)
  object space 114688K, 32% used [0x00000000a0000000,0x00000000a23e2f28,0x00000000a7000000)
 Metaspace       used 84718K, capacity 89604K, committed 89816K, reserved 1126400K
  class space    used 11121K, capacity 11937K, committed 12032K, reserved 1048576K
}
Event: 3149.314 GC heap before
{Heap before GC invocations=51 (full 4):
 PSYoungGen      total 169984K, used 169495K [0x00000000e0000000, 0x00000000edd00000, 0x0000000100000000)
  eden space 141312K, 100% used [0x00000000e0000000,0x00000000e8a00000,0x00000000e8a00000)
  from space 28672K, 98% used [0x00000000ec100000,0x00000000edc85e18,0x00000000edd00000)
  to   space 41472K, 0% used [0x00000000e8c00000,0x00000000e8c00000,0x00000000eb480000)
 ParOldGen       total 114688K, used 36747K [0x00000000a0000000, 0x00000000a7000000, 0x00000000e0000000)
  object space 114688K, 32% used [0x00000000a0000000,0x00000000a23e2f28,0x00000000a7000000)
 Metaspace       used 84872K, capacity 89832K, committed 90072K, reserved 1128448K
  class space    used 11142K, capacity 11975K, committed 12032K, reserved 1048576K
Event: 3149.330 GC heap after
Heap after GC invocations=51 (full 4):
 PSYoungGen      total 143872K, used 6727K [0x00000000e0000000, 0x00000000ed480000, 0x0000000100000000)
  eden space 136704K, 0% used [0x00000000e0000000,0x00000000e0000000,0x00000000e8580000)
  from space 7168K, 93% used [0x00000000e8c00000,0x00000000e9291c30,0x00000000e9300000)
  to   space 40448K, 0% used [0x00000000ead00000,0x00000000ead00000,0x00000000ed480000)
 ParOldGen       total 114688K, used 36755K [0x00000000a0000000, 0x00000000a7000000, 0x00000000e0000000)
  object space 114688K, 32% used [0x00000000a0000000,0x00000000a23e4f28,0x00000000a7000000)
 Metaspace       used 84872K, capacity 89832K, committed 90072K, reserved 1128448K
  class space    used 11142K, capacity 11975K, committed 12032K, reserved 1048576K
}
Event: 3154.297 GC heap before
{Heap before GC invocations=52 (full 4):
 PSYoungGen      total 143872K, used 143380K [0x00000000e0000000, 0x00000000ed480000, 0x0000000100000000)
  eden space 136704K, 99% used [0x00000000e0000000,0x00000000e8573780,0x00000000e8580000)
  from space 7168K, 93% used [0x00000000e8c00000,0x00000000e9291c30,0x00000000e9300000)
  to   space 40448K, 0% used [0x00000000ead00000,0x00000000ead00000,0x00000000ed480000)
 ParOldGen       total 114688K, used 36755K [0x00000000a0000000, 0x00000000a7000000, 0x00000000e0000000)
  object space 114688K, 32% used [0x00000000a0000000,0x00000000a23e4f28,0x00000000a7000000)
 Metaspace       used 85004K, capacity 90072K, committed 90328K, reserved 1128448K
  class space    used 11151K, capacity 11991K, committed 12032K, reserved 1048576K
Event: 3154.319 GC heap after
Heap after GC invocations=52 (full 4):
 PSYoungGen      total 165888K, used 10071K [0x00000000e0000000, 0x00000000ecd80000, 0x0000000100000000)
  eden space 132608K, 0% used [0x00000000e0000000,0x00000000e0000000,0x00000000e8180000)
  from space 33280K, 30% used [0x00000000ead00000,0x00000000eb6d5c38,0x00000000ecd80000)
  to   space 38912K, 0% used [0x00000000e8180000,0x00000000e8180000,0x00000000ea780000)
 ParOldGen       total 114688K, used 36755K [0x00000000a0000000, 0x00000000a7000000, 0x00000000e0000000)
  object space 114688K, 32% used [0x00000000a0000000,0x00000000a23e4f28,0x00000000a7000000)
 Metaspace       used 85004K, capacity 90072K, committed 90328K, reserved 1128448K
  class space    used 11151K, capacity 11991K, committed 12032K, reserved 1048576K
}
Event: 3264.985 GC heap before
{Heap before GC invocations=53 (full 4):
 PSYoungGen      total 165888K, used 142679K [0x00000000e0000000, 0x00000000ecd80000, 0x0000000100000000)
  eden space 132608K, 100% used [0x00000000e0000000,0x00000000e8180000,0x00000000e8180000)
  from space 33280K, 30% used [0x00000000ead00000,0x00000000eb6d5c38,0x00000000ecd80000)
  to   space 38912K, 0% used [0x00000000e8180000,0x00000000e8180000,0x00000000ea780000)
 ParOldGen       total 114688K, used 36755K [0x00000000a0000000, 0x00000000a7000000, 0x00000000e0000000)
  object space 114688K, 32% used [0x00000000a0000000,0x00000000a23e4f28,0x00000000a7000000)
 Metaspace       used 85141K, capacity 90200K, committed 90328K, reserved 1128448K
  class space    used 11156K, capacity 11999K, committed 12032K, reserved 1048576K
Event: 3265.018 GC heap after
Heap after GC invocations=53 (full 4):
 PSYoungGen      total 140288K, used 11603K [0x00000000e0000000, 0x00000000ec680000, 0x0000000100000000)
  eden space 128512K, 0% used [0x00000000e0000000,0x00000000e0000000,0x00000000e7d80000)
  from space 11776K, 98% used [0x00000000e8180000,0x00000000e8cd4fc8,0x00000000e8d00000)
  to   space 37376K, 0% used [0x00000000ea200000,0x00000000ea200000,0x00000000ec680000)
 ParOldGen       total 114688K, used 36755K [0x00000000a0000000, 0x00000000a7000000, 0x00000000e0000000)
  object space 114688K, 32% used [0x00000000a0000000,0x00000000a23e4f28,0x00000000a7000000)
 Metaspace       used 85141K, capacity 90200K, committed 90328K, reserved 1128448K
  class space    used 11156K, capacity 11999K, committed 12032K, reserved 1048576K
}
Event: 3266.220 GC heap before
{Heap before GC invocations=54 (full 4):
 PSYoungGen      total 140288K, used 140101K [0x00000000e0000000, 0x00000000ec680000, 0x0000000100000000)
  eden space 128512K, 99% used [0x00000000e0000000,0x00000000e7d7c578,0x00000000e7d80000)
  from space 11776K, 98% used [0x00000000e8180000,0x00000000e8cd4fc8,0x00000000e8d00000)
  to   space 37376K, 0% used [0x00000000ea200000,0x00000000ea200000,0x00000000ec680000)
 ParOldGen       total 114688K, used 36755K [0x00000000a0000000, 0x00000000a7000000, 0x00000000e0000000)
  object space 114688K, 32% used [0x00000000a0000000,0x00000000a23e4f28,0x00000000a7000000)
 Metaspace       used 85150K, capacity 90204K, committed 90328K, reserved 1128448K
  class space    used 11156K, capacity 11999K, committed 12032K, reserved 1048576K
Event: 3266.233 GC heap after
Heap after GC invocations=54 (full 4):
 PSYoungGen      total 167936K, used 11831K [0x00000000e0000000, 0x00000000ecd00000, 0x0000000100000000)
  eden space 130560K, 0% used [0x00000000e0000000,0x00000000e0000000,0x00000000e7f80000)
  from space 37376K, 31% used [0x00000000ea200000,0x00000000ead8dce8,0x00000000ec680000)
  to   space 35328K, 0% used [0x00000000e7f80000,0x00000000e7f80000,0x00000000ea200000)
 ParOldGen       total 114688K, used 36755K [0x00000000a0000000, 0x00000000a7000000, 0x00000000e0000000)
  object space 114688K, 32% used [0x00000000a0000000,0x00000000a23e4f28,0x00000000a7000000)
 Metaspace       used 85150K, capacity 90204K, committed 90328K, reserved 1128448K
  class space    used 11156K, capacity 11999K, committed 12032K, reserved 1048576K
}

