# JRE version: Java(TM) SE Runtime Environment (8.0_201-b09) (build 1.8.0_201-b09)
# Java VM: Java HotSpot(TM) 64-Bit Server VM (25.201-b09 mixed mode windows-amd64 compressed oops)
Heap:
 PSYoungGen      total 81920K, used 5687K [0x00000000e0000000, 0x00000000e5980000, 0x0000000100000000)
  eden space 74240K, 7% used [0x00000000e0000000,0x00000000e058dcc8,0x00000000e4880000)
  from space 7680K, 0% used [0x00000000e4880000,0x00000000e4880000,0x00000000e5000000)
  to   space 5632K, 0% used [0x00000000e5000000,0x00000000e5000000,0x00000000e5580000)
 ParOldGen       total 54272K, used 23870K [0x00000000a0000000, 0x00000000a3500000, 0x00000000e0000000)
  object space 54272K, 43% used [0x00000000a0000000,0x00000000a174f8c0,0x00000000a3500000)
 Metaspace       used 53896K, capacity 54886K, committed 55296K, reserved 1097728K
  class space    used 7471K, capacity 7810K, committed 7936K, reserved 1048576K
GC Heap History (10 events):
Event: 32.928 GC heap before
{Heap before GC invocations=25 (full 6):
 PSYoungGen      total 81920K, used 7380K [0x00000000e0000000, 0x00000000e5980000, 0x0000000100000000)
  eden space 74240K, 0% used [0x00000000e0000000,0x00000000e0000000,0x00000000e4880000)
  from space 7680K, 96% used [0x00000000e4880000,0x00000000e4fb5070,0x00000000e5000000)
  to   space 5632K, 0% used [0x00000000e5000000,0x00000000e5000000,0x00000000e5580000)
 ParOldGen       total 54272K, used 18981K [0x00000000a0000000, 0x00000000a3500000, 0x00000000e0000000)
  object space 54272K, 34% used [0x00000000a0000000,0x00000000a1289688,0x00000000a3500000)
 Metaspace       used 53691K, capacity 54652K, committed 54912K, reserved 1099776K
  class space    used 7441K, capacity 7773K, committed 7808K, reserved 1048576K
Event: 33.294 GC heap after
Heap after GC invocations=25 (full 6):
 PSYoungGen      total 81920K, used 0K [0x00000000e0000000, 0x00000000e5980000, 0x0000000100000000)
  eden space 74240K, 0% used [0x00000000e0000000,0x00000000e0000000,0x00000000e4880000)
  from space 7680K, 0% used [0x00000000e4880000,0x00000000e4880000,0x00000000e5000000)
  to   space 5632K, 0% used [0x00000000e5000000,0x00000000e5000000,0x00000000e5580000)
 ParOldGen       total 54272K, used 25114K [0x00000000a0000000, 0x00000000a3500000, 0x00000000e0000000)
  object space 54272K, 46% used [0x00000000a0000000,0x00000000a1886a30,0x00000000a3500000)
 Metaspace       used 53691K, capacity 54652K, committed 54912K, reserved 1097728K
  class space    used 7441K, capacity 7773K, committed 7808K, reserved 1048576K
}
Event: 33.295 GC heap before
{Heap before GC invocations=26 (full 6):
 PSYoungGen      total 81920K, used 0K [0x00000000e0000000, 0x00000000e5980000, 0x0000000100000000)
  eden space 74240K, 0% used [0x00000000e0000000,0x00000000e0000000,0x00000000e4880000)
  from space 7680K, 0% used [0x00000000e4880000,0x00000000e4880000,0x00000000e5000000)
  to   space 5632K, 0% used [0x00000000e5000000,0x00000000e5000000,0x00000000e5580000)
 ParOldGen       total 54272K, used 25114K [0x00000000a0000000, 0x00000000a3500000, 0x00000000e0000000)
  object space 54272K, 46% used [0x00000000a0000000,0x00000000a1886a30,0x00000000a3500000)
 Metaspace       used 53692K, capacity 54652K, committed 54912K, reserved 1101824K
  class space    used 7441K, capacity 7773K, committed 7808K, reserved 1048576K
Event: 33.297 GC heap after
Heap after GC invocations=26 (full 6):
 PSYoungGen      total 79872K, used 0K [0x00000000e0000000, 0x00000000e5980000, 0x0000000100000000)
  eden space 74240K, 0% used [0x00000000e0000000,0x00000000e0000000,0x00000000e4880000)
  from space 5632K, 0% used [0x00000000e5000000,0x00000000e5000000,0x00000000e5580000)
  to   space 7680K, 0% used [0x00000000e4880000,0x00000000e4880000,0x00000000e5000000)
 ParOldGen       total 54272K, used 25114K [0x00000000a0000000, 0x00000000a3500000, 0x00000000e0000000)
  object space 54272K, 46% used [0x00000000a0000000,0x00000000a1886a30,0x00000000a3500000)
 Metaspace       used 53692K, capacity 54652K, committed 54912K, reserved 1101824K
  class space    used 7441K, capacity 7773K, committed 7808K, reserved 1048576K
}
Event: 33.297 GC heap before
{Heap before GC invocations=27 (full 7):
 PSYoungGen      total 79872K, used 0K [0x00000000e0000000, 0x00000000e5980000, 0x0000000100000000)
  eden space 74240K, 0% used [0x00000000e0000000,0x00000000e0000000,0x00000000e4880000)
  from space 5632K, 0% used [0x00000000e5000000,0x00000000e5000000,0x00000000e5580000)
  to   space 7680K, 0% used [0x00000000e4880000,0x00000000e4880000,0x00000000e5000000)
 ParOldGen       total 54272K, used 25114K [0x00000000a0000000, 0x00000000a3500000, 0x00000000e0000000)
  object space 54272K, 46% used [0x00000000a0000000,0x00000000a1886a30,0x00000000a3500000)
 Metaspace       used 53692K, capacity 54652K, committed 54912K, reserved 1101824K
  class space    used 7441K, capacity 7773K, committed 7808K, reserved 1048576K
Event: 33.386 GC heap after
Heap after GC invocations=27 (full 7):
 PSYoungGen      total 79872K, used 0K [0x00000000e0000000, 0x00000000e5980000, 0x0000000100000000)
  eden space 74240K, 0% used [0x00000000e0000000,0x00000000e0000000,0x00000000e4880000)
  from space 5632K, 0% used [0x00000000e5000000,0x00000000e5000000,0x00000000e5580000)
  to   space 7680K, 0% used [0x00000000e4880000,0x00000000e4880000,0x00000000e5000000)
 ParOldGen       total 54272K, used 24713K [0x00000000a0000000, 0x00000000a3500000, 0x00000000e0000000)
  object space 54272K, 45% used [0x00000000a0000000,0x00000000a1822468,0x00000000a3500000)
 Metaspace       used 53692K, capacity 54652K, committed 54912K, reserved 1097728K
  class space    used 7441K, capacity 7773K, committed 7808K, reserved 1048576K
}
Event: 33.386 GC heap before
{Heap before GC invocations=28 (full 7):
 PSYoungGen      total 79872K, used 0K [0x00000000e0000000, 0x00000000e5980000, 0x0000000100000000)
  eden space 74240K, 0% used [0x00000000e0000000,0x00000000e0000000,0x00000000e4880000)
  from space 5632K, 0% used [0x00000000e5000000,0x00000000e5000000,0x00000000e5580000)
  to   space 7680K, 0% used [0x00000000e4880000,0x00000000e4880000,0x00000000e5000000)
 ParOldGen       total 54272K, used 24713K [0x00000000a0000000, 0x00000000a3500000, 0x00000000e0000000)
  object space 54272K, 45% used [0x00000000a0000000,0x00000000a1822468,0x00000000a3500000)
 Metaspace       used 53692K, capacity 54652K, committed 54912K, reserved 1101824K
  class space    used 7441K, capacity 7773K, committed 7808K, reserved 1048576K
Event: 33.388 GC heap after
Heap after GC invocations=28 (full 7):
 PSYoungGen      total 81920K, used 0K [0x00000000e0000000, 0x00000000e5980000, 0x0000000100000000)
  eden space 74240K, 0% used [0x00000000e0000000,0x00000000e0000000,0x00000000e4880000)
  from space 7680K, 0% used [0x00000000e4880000,0x00000000e4880000,0x00000000e5000000)
  to   space 5632K, 0% used [0x00000000e5000000,0x00000000e5000000,0x00000000e5580000)
 ParOldGen       total 54272K, used 24713K [0x00000000a0000000, 0x00000000a3500000, 0x00000000e0000000)
  object space 54272K, 45% used [0x00000000a0000000,0x00000000a1822468,0x00000000a3500000)
 Metaspace       used 53692K, capacity 54652K, committed 54912K, reserved 1101824K
  class space    used 7441K, capacity 7773K, committed 7808K, reserved 1048576K
}
Event: 33.389 GC heap before
{Heap before GC invocations=29 (full 8):
 PSYoungGen      total 81920K, used 0K [0x00000000e0000000, 0x00000000e5980000, 0x0000000100000000)
  eden space 74240K, 0% used [0x00000000e0000000,0x00000000e0000000,0x00000000e4880000)
  from space 7680K, 0% used [0x00000000e4880000,0x00000000e4880000,0x00000000e5000000)
  to   space 5632K, 0% used [0x00000000e5000000,0x00000000e5000000,0x00000000e5580000)
 ParOldGen       total 54272K, used 24713K [0x00000000a0000000, 0x00000000a3500000, 0x00000000e0000000)
  object space 54272K, 45% used [0x00000000a0000000,0x00000000a1822468,0x00000000a3500000)
 Metaspace       used 53692K, capacity 54652K, committed 54912K, reserved 1101824K
  class space    used 7441K, capacity 7773K, committed 7808K, reserved 1048576K
Event: 33.574 GC heap after
Heap after GC invocations=29 (full 8):
 PSYoungGen      total 81920K, used 0K [0x00000000e0000000, 0x00000000e5980000, 0x0000000100000000)
  eden space 74240K, 0% used [0x00000000e0000000,0x00000000e0000000,0x00000000e4880000)
  from space 7680K, 0% used [0x00000000e4880000,0x00000000e4880000,0x00000000e5000000)
  to   space 5632K, 0% used [0x00000000e5000000,0x00000000e5000000,0x00000000e5580000)
 ParOldGen       total 54272K, used 23870K [0x00000000a0000000, 0x00000000a3500000, 0x00000000e0000000)
  object space 54272K, 43% used [0x00000000a0000000,0x00000000a174f8c0,0x00000000a3500000)
 Metaspace       used 53632K, capacity 54556K, committed 54912K, reserved 1097728K
  class space    used 7433K, capacity 7757K, committed 7808K, reserved 1048576K
}

